{"/Users/alex/Desktop/KEEPKODING/REACT_AVANZADO/GIT/FullStack07_React_app_tweeter_REDUX_/src/App.js": {"path":"/Users/alex/Desktop/KEEPKODING/REACT_AVANZADO/GIT/FullStack07_React_app_tweeter_REDUX_/src/App.js","statementMap":{"0":{"start":{"line":11,"column":18},"end":{"line":11,"column":62}},"1":{"start":{"line":11,"column":29},"end":{"line":11,"column":61}},"2":{"start":{"line":14,"column":2},"end":{"line":40,"column":4}}},"fnMap":{"0":{"name":"(anonymous_0)","decl":{"start":{"line":11,"column":23},"end":{"line":11,"column":24}},"loc":{"start":{"line":11,"column":29},"end":{"line":11,"column":61}},"line":11},"1":{"name":"App","decl":{"start":{"line":13,"column":9},"end":{"line":13,"column":12}},"loc":{"start":{"line":13,"column":15},"end":{"line":41,"column":1}},"line":13}},"branchMap":{},"s":{"0":0,"1":0,"2":0},"f":{"0":0,"1":0},"b":{}}
,"/Users/alex/Desktop/KEEPKODING/REACT_AVANZADO/GIT/FullStack07_React_app_tweeter_REDUX_/src/Root.js": {"path":"/Users/alex/Desktop/KEEPKODING/REACT_AVANZADO/GIT/FullStack07_React_app_tweeter_REDUX_/src/Root.js","statementMap":{"0":{"start":{"line":5,"column":2},"end":{"line":9,"column":4}}},"fnMap":{"0":{"name":"Root","decl":{"start":{"line":4,"column":24},"end":{"line":4,"column":28}},"loc":{"start":{"line":4,"column":48},"end":{"line":10,"column":1}},"line":4}},"branchMap":{},"s":{"0":0},"f":{"0":0},"b":{}}
,"/Users/alex/Desktop/KEEPKODING/REACT_AVANZADO/GIT/FullStack07_React_app_tweeter_REDUX_/src/index.js": {"path":"/Users/alex/Desktop/KEEPKODING/REACT_AVANZADO/GIT/FullStack07_React_app_tweeter_REDUX_/src/index.js","statementMap":{"0":{"start":{"line":14,"column":20},"end":{"line":14,"column":39}},"1":{"start":{"line":15,"column":0},"end":{"line":17,"column":1}},"2":{"start":{"line":16,"column":2},"end":{"line":16,"column":38}},"3":{"start":{"line":19,"column":15},"end":{"line":19,"column":69}},"4":{"start":{"line":21,"column":14},"end":{"line":21,"column":65}},"5":{"start":{"line":23,"column":13},"end":{"line":23,"column":65}},"6":{"start":{"line":24,"column":0},"end":{"line":30,"column":2}}},"fnMap":{},"branchMap":{"0":{"loc":{"start":{"line":15,"column":0},"end":{"line":17,"column":1}},"type":"if","locations":[{"start":{"line":15,"column":0},"end":{"line":17,"column":1}},{"start":{},"end":{}}],"line":15}},"s":{"0":0,"1":0,"2":0,"3":0,"4":0,"5":0,"6":0},"f":{},"b":{"0":[0,0]}}
,"/Users/alex/Desktop/KEEPKODING/REACT_AVANZADO/GIT/FullStack07_React_app_tweeter_REDUX_/src/api/client.js": {"path":"/Users/alex/Desktop/KEEPKODING/REACT_AVANZADO/GIT/FullStack07_React_app_tweeter_REDUX_/src/api/client.js","statementMap":{"0":{"start":{"line":3,"column":15},"end":{"line":5,"column":2}},"1":{"start":{"line":7,"column":0},"end":{"line":22,"column":2}},"2":{"start":{"line":8,"column":14},"end":{"line":8,"column":27}},"3":{"start":{"line":10,"column":4},"end":{"line":18,"column":5}},"4":{"start":{"line":11,"column":6},"end":{"line":11,"column":34}},"5":{"start":{"line":13,"column":6},"end":{"line":17,"column":9}},"6":{"start":{"line":20,"column":4},"end":{"line":20,"column":54}},"7":{"start":{"line":24,"column":38},"end":{"line":25,"column":71}},"8":{"start":{"line":25,"column":3},"end":{"line":25,"column":70}},"9":{"start":{"line":27,"column":41},"end":{"line":29,"column":1}},"10":{"start":{"line":28,"column":2},"end":{"line":28,"column":57}}},"fnMap":{"0":{"name":"(anonymous_0)","decl":{"start":{"line":8,"column":2},"end":{"line":8,"column":3}},"loc":{"start":{"line":8,"column":14},"end":{"line":8,"column":27}},"line":8},"1":{"name":"(anonymous_1)","decl":{"start":{"line":9,"column":2},"end":{"line":9,"column":3}},"loc":{"start":{"line":9,"column":11},"end":{"line":21,"column":3}},"line":9},"2":{"name":"(anonymous_2)","decl":{"start":{"line":24,"column":38},"end":{"line":24,"column":39}},"loc":{"start":{"line":25,"column":3},"end":{"line":25,"column":70}},"line":25},"3":{"name":"(anonymous_3)","decl":{"start":{"line":27,"column":41},"end":{"line":27,"column":42}},"loc":{"start":{"line":27,"column":47},"end":{"line":29,"column":1}},"line":27}},"branchMap":{"0":{"loc":{"start":{"line":10,"column":4},"end":{"line":18,"column":5}},"type":"if","locations":[{"start":{"line":10,"column":4},"end":{"line":18,"column":5}},{"start":{},"end":{}}],"line":10}},"s":{"0":3,"1":3,"2":0,"3":0,"4":0,"5":0,"6":0,"7":3,"8":0,"9":3,"10":0},"f":{"0":0,"1":0,"2":0,"3":0},"b":{"0":[0,0]},"_coverageSchema":"1a1c01bbd47fc00a2c39e90264f33305004495a9","hash":"ff9c43eb6785014ca90bfae78a8f487ee7000f79"}
,"/Users/alex/Desktop/KEEPKODING/REACT_AVANZADO/GIT/FullStack07_React_app_tweeter_REDUX_/src/components/errors/ErrorBoundary.js": {"path":"/Users/alex/Desktop/KEEPKODING/REACT_AVANZADO/GIT/FullStack07_React_app_tweeter_REDUX_/src/components/errors/ErrorBoundary.js","statementMap":{"0":{"start":{"line":5,"column":4},"end":{"line":5,"column":17}},"1":{"start":{"line":6,"column":4},"end":{"line":9,"column":6}},"2":{"start":{"line":13,"column":4},"end":{"line":13,"column":35}},"3":{"start":{"line":17,"column":28},"end":{"line":17,"column":38}},"4":{"start":{"line":19,"column":4},"end":{"line":31,"column":5}},"5":{"start":{"line":20,"column":6},"end":{"line":30,"column":8}},"6":{"start":{"line":32,"column":4},"end":{"line":32,"column":31}}},"fnMap":{"0":{"name":"(anonymous_0)","decl":{"start":{"line":4,"column":2},"end":{"line":4,"column":3}},"loc":{"start":{"line":4,"column":21},"end":{"line":10,"column":3}},"line":4},"1":{"name":"(anonymous_1)","decl":{"start":{"line":12,"column":2},"end":{"line":12,"column":3}},"loc":{"start":{"line":12,"column":33},"end":{"line":14,"column":3}},"line":12},"2":{"name":"(anonymous_2)","decl":{"start":{"line":16,"column":2},"end":{"line":16,"column":3}},"loc":{"start":{"line":16,"column":11},"end":{"line":33,"column":3}},"line":16}},"branchMap":{"0":{"loc":{"start":{"line":19,"column":4},"end":{"line":31,"column":5}},"type":"if","locations":[{"start":{"line":19,"column":4},"end":{"line":31,"column":5}},{"start":{},"end":{}}],"line":19}},"s":{"0":0,"1":0,"2":0,"3":0,"4":0,"5":0,"6":0},"f":{"0":0,"1":0,"2":0},"b":{"0":[0,0]}}
,"/Users/alex/Desktop/KEEPKODING/REACT_AVANZADO/GIT/FullStack07_React_app_tweeter_REDUX_/src/components/layout/Content.js": {"path":"/Users/alex/Desktop/KEEPKODING/REACT_AVANZADO/GIT/FullStack07_React_app_tweeter_REDUX_/src/components/layout/Content.js","statementMap":{"0":{"start":{"line":2,"column":2},"end":{"line":7,"column":4}}},"fnMap":{"0":{"name":"Content","decl":{"start":{"line":1,"column":9},"end":{"line":1,"column":16}},"loc":{"start":{"line":1,"column":38},"end":{"line":8,"column":1}},"line":1}},"branchMap":{},"s":{"0":0},"f":{"0":0},"b":{}}
,"/Users/alex/Desktop/KEEPKODING/REACT_AVANZADO/GIT/FullStack07_React_app_tweeter_REDUX_/src/components/layout/Footer.js": {"path":"/Users/alex/Desktop/KEEPKODING/REACT_AVANZADO/GIT/FullStack07_React_app_tweeter_REDUX_/src/components/layout/Footer.js","statementMap":{"0":{"start":{"line":2,"column":2},"end":{"line":2,"column":65}}},"fnMap":{"0":{"name":"Footer","decl":{"start":{"line":1,"column":9},"end":{"line":1,"column":15}},"loc":{"start":{"line":1,"column":31},"end":{"line":3,"column":1}},"line":1}},"branchMap":{},"s":{"0":0},"f":{"0":0},"b":{}}
,"/Users/alex/Desktop/KEEPKODING/REACT_AVANZADO/GIT/FullStack07_React_app_tweeter_REDUX_/src/components/layout/Header.js": {"path":"/Users/alex/Desktop/KEEPKODING/REACT_AVANZADO/GIT/FullStack07_React_app_tweeter_REDUX_/src/components/layout/Header.js","statementMap":{"0":{"start":{"line":8,"column":25},"end":{"line":9,"column":47}},"1":{"start":{"line":9,"column":2},"end":{"line":9,"column":47}},"2":{"start":{"line":12,"column":2},"end":{"line":35,"column":4}}},"fnMap":{"0":{"name":"(anonymous_0)","decl":{"start":{"line":8,"column":25},"end":{"line":8,"column":26}},"loc":{"start":{"line":9,"column":2},"end":{"line":9,"column":47}},"line":9},"1":{"name":"Header","decl":{"start":{"line":11,"column":9},"end":{"line":11,"column":15}},"loc":{"start":{"line":11,"column":31},"end":{"line":36,"column":1}},"line":11}},"branchMap":{},"s":{"0":0,"1":0,"2":0},"f":{"0":0,"1":0},"b":{}}
,"/Users/alex/Desktop/KEEPKODING/REACT_AVANZADO/GIT/FullStack07_React_app_tweeter_REDUX_/src/components/layout/Layout.js": {"path":"/Users/alex/Desktop/KEEPKODING/REACT_AVANZADO/GIT/FullStack07_React_app_tweeter_REDUX_/src/components/layout/Layout.js","statementMap":{"0":{"start":{"line":8,"column":2},"end":{"line":16,"column":4}}},"fnMap":{"0":{"name":"Layout","decl":{"start":{"line":7,"column":9},"end":{"line":7,"column":15}},"loc":{"start":{"line":7,"column":18},"end":{"line":17,"column":1}},"line":7}},"branchMap":{},"s":{"0":0},"f":{"0":0},"b":{}}
,"/Users/alex/Desktop/KEEPKODING/REACT_AVANZADO/GIT/FullStack07_React_app_tweeter_REDUX_/src/components/shared/Button.js": {"path":"/Users/alex/Desktop/KEEPKODING/REACT_AVANZADO/GIT/FullStack07_React_app_tweeter_REDUX_/src/components/shared/Button.js","statementMap":{"0":{"start":{"line":3,"column":20},"end":{"line":3,"column":39}},"1":{"start":{"line":5,"column":15},"end":{"line":34,"column":1}},"2":{"start":{"line":11,"column":4},"end":{"line":11,"column":56}},"3":{"start":{"line":13,"column":21},"end":{"line":13,"column":73}},"4":{"start":{"line":22,"column":23},"end":{"line":22,"column":47}},"5":{"start":{"line":24,"column":30},"end":{"line":24,"column":62}},"6":{"start":{"line":30,"column":6},"end":{"line":32,"column":35}}},"fnMap":{"0":{"name":"(anonymous_0)","decl":{"start":{"line":10,"column":22},"end":{"line":10,"column":23}},"loc":{"start":{"line":11,"column":4},"end":{"line":11,"column":56}},"line":11},"1":{"name":"(anonymous_1)","decl":{"start":{"line":13,"column":11},"end":{"line":13,"column":12}},"loc":{"start":{"line":13,"column":21},"end":{"line":13,"column":73}},"line":13},"2":{"name":"(anonymous_2)","decl":{"start":{"line":22,"column":13},"end":{"line":22,"column":14}},"loc":{"start":{"line":22,"column":23},"end":{"line":22,"column":47}},"line":22},"3":{"name":"(anonymous_3)","decl":{"start":{"line":24,"column":20},"end":{"line":24,"column":21}},"loc":{"start":{"line":24,"column":30},"end":{"line":24,"column":62}},"line":24},"4":{"name":"(anonymous_4)","decl":{"start":{"line":29,"column":24},"end":{"line":29,"column":25}},"loc":{"start":{"line":30,"column":6},"end":{"line":32,"column":35}},"line":30}},"branchMap":{"0":{"loc":{"start":{"line":11,"column":4},"end":{"line":11,"column":56}},"type":"cond-expr","locations":[{"start":{"line":11,"column":35},"end":{"line":11,"column":46}},{"start":{"line":11,"column":49},"end":{"line":11,"column":56}}],"line":11},"1":{"loc":{"start":{"line":13,"column":21},"end":{"line":13,"column":73}},"type":"cond-expr","locations":[{"start":{"line":13,"column":52},"end":{"line":13,"column":59}},{"start":{"line":13,"column":62},"end":{"line":13,"column":73}}],"line":13},"2":{"loc":{"start":{"line":22,"column":23},"end":{"line":22,"column":47}},"type":"cond-expr","locations":[{"start":{"line":22,"column":40},"end":{"line":22,"column":43}},{"start":{"line":22,"column":46},"end":{"line":22,"column":47}}],"line":22},"3":{"loc":{"start":{"line":24,"column":30},"end":{"line":24,"column":62}},"type":"cond-expr","locations":[{"start":{"line":24,"column":47},"end":{"line":24,"column":53}},{"start":{"line":24,"column":56},"end":{"line":24,"column":62}}],"line":24},"4":{"loc":{"start":{"line":30,"column":6},"end":{"line":32,"column":35}},"type":"cond-expr","locations":[{"start":{"line":31,"column":10},"end":{"line":31,"column":29}},{"start":{"line":32,"column":10},"end":{"line":32,"column":35}}],"line":30}},"s":{"0":1,"1":1,"2":19,"3":19,"4":19,"5":19,"6":19},"f":{"0":19,"1":19,"2":19,"3":19,"4":19},"b":{"0":[19,0],"1":[19,0],"2":[11,8],"3":[11,8],"4":[19,0]},"_coverageSchema":"1a1c01bbd47fc00a2c39e90264f33305004495a9","hash":"e8dd068567696ec28a48f183520a6df67f82f481"}
,"/Users/alex/Desktop/KEEPKODING/REACT_AVANZADO/GIT/FullStack07_React_app_tweeter_REDUX_/src/components/shared/FormField.js": {"path":"/Users/alex/Desktop/KEEPKODING/REACT_AVANZADO/GIT/FullStack07_React_app_tweeter_REDUX_/src/components/shared/FormField.js","statementMap":{"0":{"start":{"line":5,"column":18},"end":{"line":14,"column":1}},"1":{"start":{"line":6,"column":2},"end":{"line":13,"column":4}}},"fnMap":{"0":{"name":"(anonymous_0)","decl":{"start":{"line":5,"column":18},"end":{"line":5,"column":19}},"loc":{"start":{"line":5,"column":54},"end":{"line":14,"column":1}},"line":5}},"branchMap":{},"s":{"0":1,"1":38},"f":{"0":38},"b":{},"_coverageSchema":"1a1c01bbd47fc00a2c39e90264f33305004495a9","hash":"141dfa0ff357ced461ee459fdad673bc73387115"}
,"/Users/alex/Desktop/KEEPKODING/REACT_AVANZADO/GIT/FullStack07_React_app_tweeter_REDUX_/src/components/shared/Photo.js": {"path":"/Users/alex/Desktop/KEEPKODING/REACT_AVANZADO/GIT/FullStack07_React_app_tweeter_REDUX_/src/components/shared/Photo.js","statementMap":{"0":{"start":{"line":7,"column":14},"end":{"line":14,"column":1}},"1":{"start":{"line":8,"column":2},"end":{"line":13,"column":4}}},"fnMap":{"0":{"name":"(anonymous_0)","decl":{"start":{"line":7,"column":14},"end":{"line":7,"column":15}},"loc":{"start":{"line":8,"column":2},"end":{"line":13,"column":4}},"line":8}},"branchMap":{},"s":{"0":0,"1":0},"f":{"0":0},"b":{}}
,"/Users/alex/Desktop/KEEPKODING/REACT_AVANZADO/GIT/FullStack07_React_app_tweeter_REDUX_/src/components/shared/Textarea.js": {"path":"/Users/alex/Desktop/KEEPKODING/REACT_AVANZADO/GIT/FullStack07_React_app_tweeter_REDUX_/src/components/shared/Textarea.js","statementMap":{"0":{"start":{"line":7,"column":17},"end":{"line":13,"column":2}},"1":{"start":{"line":8,"column":2},"end":{"line":12,"column":4}},"2":{"start":{"line":15,"column":0},"end":{"line":18,"column":2}}},"fnMap":{"0":{"name":"(anonymous_0)","decl":{"start":{"line":7,"column":28},"end":{"line":7,"column":29}},"loc":{"start":{"line":7,"column":62},"end":{"line":13,"column":1}},"line":7}},"branchMap":{},"s":{"0":0,"1":0,"2":0},"f":{"0":0},"b":{}}
,"/Users/alex/Desktop/KEEPKODING/REACT_AVANZADO/GIT/FullStack07_React_app_tweeter_REDUX_/src/pages/auth/service.js": {"path":"/Users/alex/Desktop/KEEPKODING/REACT_AVANZADO/GIT/FullStack07_React_app_tweeter_REDUX_/src/pages/auth/service.js","statementMap":{"0":{"start":{"line":7,"column":21},"end":{"line":12,"column":1}},"1":{"start":{"line":8,"column":2},"end":{"line":11,"column":5}},"2":{"start":{"line":9,"column":4},"end":{"line":9,"column":40}},"3":{"start":{"line":10,"column":4},"end":{"line":10,"column":37}},"4":{"start":{"line":14,"column":22},"end":{"line":19,"column":1}},"5":{"start":{"line":15,"column":2},"end":{"line":18,"column":5}},"6":{"start":{"line":16,"column":4},"end":{"line":16,"column":32}},"7":{"start":{"line":17,"column":4},"end":{"line":17,"column":27}}},"fnMap":{"0":{"name":"(anonymous_0)","decl":{"start":{"line":7,"column":21},"end":{"line":7,"column":22}},"loc":{"start":{"line":7,"column":36},"end":{"line":12,"column":1}},"line":7},"1":{"name":"(anonymous_1)","decl":{"start":{"line":8,"column":54},"end":{"line":8,"column":55}},"loc":{"start":{"line":8,"column":75},"end":{"line":11,"column":3}},"line":8},"2":{"name":"(anonymous_2)","decl":{"start":{"line":14,"column":22},"end":{"line":14,"column":23}},"loc":{"start":{"line":14,"column":28},"end":{"line":19,"column":1}},"line":14},"3":{"name":"(anonymous_3)","decl":{"start":{"line":15,"column":32},"end":{"line":15,"column":33}},"loc":{"start":{"line":15,"column":38},"end":{"line":18,"column":3}},"line":15}},"branchMap":{},"s":{"0":3,"1":0,"2":0,"3":0,"4":3,"5":0,"6":0,"7":0},"f":{"0":0,"1":0,"2":0,"3":0},"b":{},"_coverageSchema":"1a1c01bbd47fc00a2c39e90264f33305004495a9","hash":"9dc03611be1214bd465c88a5d75a7f9e2a6269b6"}
,"/Users/alex/Desktop/KEEPKODING/REACT_AVANZADO/GIT/FullStack07_React_app_tweeter_REDUX_/src/pages/auth/LoginPage/LoginPage.js": {"path":"/Users/alex/Desktop/KEEPKODING/REACT_AVANZADO/GIT/FullStack07_React_app_tweeter_REDUX_/src/pages/auth/LoginPage/LoginPage.js","statementMap":{"0":{"start":{"line":11,"column":19},"end":{"line":11,"column":32}},"1":{"start":{"line":12,"column":32},"end":{"line":12,"column":50}},"2":{"start":{"line":14,"column":40},"end":{"line":17,"column":4}},"3":{"start":{"line":19,"column":23},"end":{"line":22,"column":3}},"4":{"start":{"line":20,"column":4},"end":{"line":20,"column":27}},"5":{"start":{"line":21,"column":4},"end":{"line":21,"column":37}},"6":{"start":{"line":24,"column":23},"end":{"line":29,"column":3}},"7":{"start":{"line":25,"column":4},"end":{"line":28,"column":8}},"8":{"start":{"line":25,"column":42},"end":{"line":28,"column":5}},"9":{"start":{"line":31,"column":21},"end":{"line":33,"column":3}},"10":{"start":{"line":32,"column":4},"end":{"line":32,"column":29}},"11":{"start":{"line":35,"column":33},"end":{"line":35,"column":44}},"12":{"start":{"line":36,"column":25},"end":{"line":36,"column":62}},"13":{"start":{"line":38,"column":2},"end":{"line":73,"column":4}}},"fnMap":{"0":{"name":"LoginPage","decl":{"start":{"line":10,"column":9},"end":{"line":10,"column":18}},"loc":{"start":{"line":10,"column":21},"end":{"line":74,"column":1}},"line":10},"1":{"name":"(anonymous_1)","decl":{"start":{"line":19,"column":23},"end":{"line":19,"column":24}},"loc":{"start":{"line":19,"column":32},"end":{"line":22,"column":3}},"line":19},"2":{"name":"(anonymous_2)","decl":{"start":{"line":24,"column":23},"end":{"line":24,"column":24}},"loc":{"start":{"line":24,"column":32},"end":{"line":29,"column":3}},"line":24},"3":{"name":"(anonymous_3)","decl":{"start":{"line":25,"column":19},"end":{"line":25,"column":20}},"loc":{"start":{"line":25,"column":42},"end":{"line":28,"column":5}},"line":25},"4":{"name":"(anonymous_4)","decl":{"start":{"line":31,"column":21},"end":{"line":31,"column":22}},"loc":{"start":{"line":31,"column":27},"end":{"line":33,"column":3}},"line":31}},"branchMap":{"0":{"loc":{"start":{"line":36,"column":25},"end":{"line":36,"column":62}},"type":"binary-expr","locations":[{"start":{"line":36,"column":25},"end":{"line":36,"column":48}},{"start":{"line":36,"column":52},"end":{"line":36,"column":62}}],"line":36},"1":{"loc":{"start":{"line":36,"column":27},"end":{"line":36,"column":47}},"type":"binary-expr","locations":[{"start":{"line":36,"column":27},"end":{"line":36,"column":35}},{"start":{"line":36,"column":39},"end":{"line":36,"column":47}}],"line":36},"2":{"loc":{"start":{"line":64,"column":11},"end":{"line":64,"column":50}},"type":"cond-expr","locations":[{"start":{"line":64,"column":24},"end":{"line":64,"column":39}},{"start":{"line":64,"column":42},"end":{"line":64,"column":50}}],"line":64},"3":{"loc":{"start":{"line":66,"column":9},"end":{"line":70,"column":9}},"type":"binary-expr","locations":[{"start":{"line":66,"column":9},"end":{"line":66,"column":14}},{"start":{"line":67,"column":10},"end":{"line":69,"column":16}}],"line":66}},"s":{"0":19,"1":19,"2":19,"3":19,"4":1,"5":1,"6":19,"7":17,"8":17,"9":19,"10":0,"11":19,"12":19,"13":19},"f":{"0":19,"1":1,"2":17,"3":17,"4":0},"b":{"0":[19,8],"1":[19,17],"2":[0,19],"3":[19,0]},"_coverageSchema":"1a1c01bbd47fc00a2c39e90264f33305004495a9","hash":"40879eb67e10a3e39d007a131002ec3b383023a5"}
,"/Users/alex/Desktop/KEEPKODING/REACT_AVANZADO/GIT/FullStack07_React_app_tweeter_REDUX_/src/pages/auth/LoginPage/index.js": {"path":"/Users/alex/Desktop/KEEPKODING/REACT_AVANZADO/GIT/FullStack07_React_app_tweeter_REDUX_/src/pages/auth/LoginPage/index.js","statementMap":{},"fnMap":{},"branchMap":{},"s":{},"f":{},"b":{}}
,"/Users/alex/Desktop/KEEPKODING/REACT_AVANZADO/GIT/FullStack07_React_app_tweeter_REDUX_/src/pages/auth/components/AuthButton.js": {"path":"/Users/alex/Desktop/KEEPKODING/REACT_AVANZADO/GIT/FullStack07_React_app_tweeter_REDUX_/src/pages/auth/components/AuthButton.js","statementMap":{"0":{"start":{"line":15,"column":28},"end":{"line":18,"column":3}},"1":{"start":{"line":16,"column":4},"end":{"line":16,"column":19}},"2":{"start":{"line":17,"column":4},"end":{"line":17,"column":15}},"3":{"start":{"line":19,"column":2},"end":{"line":27,"column":4}},"4":{"start":{"line":30,"column":24},"end":{"line":32,"column":2}},"5":{"start":{"line":30,"column":46},"end":{"line":32,"column":1}},"6":{"start":{"line":40,"column":27},"end":{"line":42,"column":1}}},"fnMap":{"0":{"name":"AuthButton","decl":{"start":{"line":8,"column":9},"end":{"line":8,"column":19}},"loc":{"start":{"line":8,"column":55},"end":{"line":28,"column":1}},"line":8},"1":{"name":"(anonymous_1)","decl":{"start":{"line":15,"column":28},"end":{"line":15,"column":29}},"loc":{"start":{"line":15,"column":40},"end":{"line":18,"column":3}},"line":15},"2":{"name":"(anonymous_2)","decl":{"start":{"line":30,"column":24},"end":{"line":30,"column":25}},"loc":{"start":{"line":30,"column":46},"end":{"line":32,"column":1}},"line":30}},"branchMap":{"0":{"loc":{"start":{"line":19,"column":9},"end":{"line":27,"column":3}},"type":"cond-expr","locations":[{"start":{"line":20,"column":4},"end":{"line":22,"column":13}},{"start":{"line":24,"column":4},"end":{"line":26,"column":13}}],"line":19}},"s":{"0":0,"1":0,"2":0,"3":0,"4":0,"5":0,"6":0},"f":{"0":0,"1":0,"2":0},"b":{"0":[0,0]}}
,"/Users/alex/Desktop/KEEPKODING/REACT_AVANZADO/GIT/FullStack07_React_app_tweeter_REDUX_/src/pages/auth/components/RequireAuth.js": {"path":"/Users/alex/Desktop/KEEPKODING/REACT_AVANZADO/GIT/FullStack07_React_app_tweeter_REDUX_/src/pages/auth/components/RequireAuth.js","statementMap":{"0":{"start":{"line":6,"column":19},"end":{"line":6,"column":32}},"1":{"start":{"line":7,"column":19},"end":{"line":7,"column":43}},"2":{"start":{"line":9,"column":2},"end":{"line":13,"column":4}}},"fnMap":{"0":{"name":"RequireAuth","decl":{"start":{"line":5,"column":9},"end":{"line":5,"column":20}},"loc":{"start":{"line":5,"column":35},"end":{"line":14,"column":1}},"line":5}},"branchMap":{"0":{"loc":{"start":{"line":9,"column":9},"end":{"line":13,"column":3}},"type":"cond-expr","locations":[{"start":{"line":10,"column":4},"end":{"line":10,"column":12}},{"start":{"line":12,"column":4},"end":{"line":12,"column":55}}],"line":9}},"s":{"0":0,"1":0,"2":0},"f":{"0":0},"b":{"0":[0,0]}}
,"/Users/alex/Desktop/KEEPKODING/REACT_AVANZADO/GIT/FullStack07_React_app_tweeter_REDUX_/src/pages/tweets/service.js": {"path":"/Users/alex/Desktop/KEEPKODING/REACT_AVANZADO/GIT/FullStack07_React_app_tweeter_REDUX_/src/pages/tweets/service.js","statementMap":{"0":{"start":{"line":3,"column":18},"end":{"line":3,"column":31}},"1":{"start":{"line":5,"column":31},"end":{"line":8,"column":1}},"2":{"start":{"line":6,"column":14},"end":{"line":6,"column":82}},"3":{"start":{"line":7,"column":2},"end":{"line":7,"column":25}},"4":{"start":{"line":10,"column":27},"end":{"line":13,"column":1}},"5":{"start":{"line":11,"column":14},"end":{"line":11,"column":23}},"6":{"start":{"line":12,"column":2},"end":{"line":12,"column":33}},"7":{"start":{"line":15,"column":24},"end":{"line":18,"column":1}},"8":{"start":{"line":16,"column":14},"end":{"line":16,"column":65}},"9":{"start":{"line":17,"column":2},"end":{"line":17,"column":25}}},"fnMap":{"0":{"name":"(anonymous_0)","decl":{"start":{"line":5,"column":31},"end":{"line":5,"column":32}},"loc":{"start":{"line":5,"column":37},"end":{"line":8,"column":1}},"line":5},"1":{"name":"(anonymous_1)","decl":{"start":{"line":10,"column":27},"end":{"line":10,"column":28}},"loc":{"start":{"line":10,"column":36},"end":{"line":13,"column":1}},"line":10},"2":{"name":"(anonymous_2)","decl":{"start":{"line":15,"column":24},"end":{"line":15,"column":25}},"loc":{"start":{"line":15,"column":35},"end":{"line":18,"column":1}},"line":15}},"branchMap":{},"s":{"0":0,"1":0,"2":0,"3":0,"4":0,"5":0,"6":0,"7":0,"8":0,"9":0},"f":{"0":0,"1":0,"2":0},"b":{}}
,"/Users/alex/Desktop/KEEPKODING/REACT_AVANZADO/GIT/FullStack07_React_app_tweeter_REDUX_/src/pages/tweets/NewTweetPage/NewTweetPage.js": {"path":"/Users/alex/Desktop/KEEPKODING/REACT_AVANZADO/GIT/FullStack07_React_app_tweeter_REDUX_/src/pages/tweets/NewTweetPage/NewTweetPage.js","statementMap":{"0":{"start":{"line":20,"column":23},"end":{"line":20,"column":24}},"1":{"start":{"line":21,"column":23},"end":{"line":21,"column":26}},"2":{"start":{"line":23,"column":18},"end":{"line":26,"column":1}},"3":{"start":{"line":24,"column":2},"end":{"line":24,"column":23}},"4":{"start":{"line":24,"column":14},"end":{"line":24,"column":23}},"5":{"start":{"line":25,"column":2},"end":{"line":25,"column":45}},"6":{"start":{"line":28,"column":23},"end":{"line":37,"column":1}},"7":{"start":{"line":29,"column":17},"end":{"line":29,"column":33}},"8":{"start":{"line":30,"column":2},"end":{"line":36,"column":4}},"9":{"start":{"line":39,"column":0},"end":{"line":41,"column":2}},"10":{"start":{"line":54,"column":27},"end":{"line":54,"column":41}},"11":{"start":{"line":56,"column":23},"end":{"line":58,"column":1}},"12":{"start":{"line":57,"column":4},"end":{"line":57,"column":30}},"13":{"start":{"line":61,"column":34},"end":{"line":61,"column":64}},"14":{"start":{"line":62,"column":23},"end":{"line":62,"column":57}},"15":{"start":{"line":62,"column":43},"end":{"line":62,"column":49}},"16":{"start":{"line":63,"column":22},"end":{"line":63,"column":34}},"17":{"start":{"line":65,"column":23},"end":{"line":68,"column":3}},"18":{"start":{"line":66,"column":4},"end":{"line":66,"column":27}},"19":{"start":{"line":67,"column":4},"end":{"line":67,"column":22}},"20":{"start":{"line":74,"column":21},"end":{"line":74,"column":60}},"21":{"start":{"line":75,"column":25},"end":{"line":75,"column":71}},"22":{"start":{"line":77,"column":2},"end":{"line":80,"column":5}},"23":{"start":{"line":78,"column":4},"end":{"line":78,"column":41}},"24":{"start":{"line":79,"column":4},"end":{"line":79,"column":32}},"25":{"start":{"line":82,"column":2},"end":{"line":107,"column":4}},"26":{"start":{"line":111,"column":19},"end":{"line":111,"column":32}},"27":{"start":{"line":112,"column":25},"end":{"line":112,"column":43}},"28":{"start":{"line":113,"column":21},"end":{"line":113,"column":30}},"29":{"start":{"line":114,"column":18},"end":{"line":114,"column":30}},"30":{"start":{"line":115,"column":17},"end":{"line":115,"column":29}},"31":{"start":{"line":119,"column":2},"end":{"line":121,"column":5}},"32":{"start":{"line":120,"column":4},"end":{"line":120,"column":25}},"33":{"start":{"line":123,"column":2},"end":{"line":125,"column":9}},"34":{"start":{"line":124,"column":4},"end":{"line":124,"column":25}},"35":{"start":{"line":127,"column":23},"end":{"line":129,"column":3}},"36":{"start":{"line":128,"column":4},"end":{"line":128,"column":39}},"37":{"start":{"line":131,"column":19},"end":{"line":131,"column":44}},"38":{"start":{"line":132,"column":17},"end":{"line":132,"column":40}},"39":{"start":{"line":132,"column":32},"end":{"line":132,"column":34}},"40":{"start":{"line":134,"column":2},"end":{"line":157,"column":4}},"41":{"start":{"line":139,"column":10},"end":{"line":139,"column":31}},"42":{"start":{"line":140,"column":10},"end":{"line":140,"column":35}}},"fnMap":{"0":{"name":"(anonymous_0)","decl":{"start":{"line":23,"column":18},"end":{"line":23,"column":19}},"loc":{"start":{"line":23,"column":23},"end":{"line":26,"column":1}},"line":23},"1":{"name":"(anonymous_1)","decl":{"start":{"line":28,"column":23},"end":{"line":28,"column":24}},"loc":{"start":{"line":28,"column":38},"end":{"line":37,"column":1}},"line":28},"2":{"name":"(anonymous_2)","decl":{"start":{"line":56,"column":23},"end":{"line":56,"column":24}},"loc":{"start":{"line":56,"column":41},"end":{"line":58,"column":1}},"line":56},"3":{"name":"NewTweetPageForm","decl":{"start":{"line":60,"column":9},"end":{"line":60,"column":25}},"loc":{"start":{"line":60,"column":52},"end":{"line":108,"column":1}},"line":60},"4":{"name":"(anonymous_4)","decl":{"start":{"line":62,"column":34},"end":{"line":62,"column":35}},"loc":{"start":{"line":62,"column":43},"end":{"line":62,"column":49}},"line":62},"5":{"name":"(anonymous_5)","decl":{"start":{"line":65,"column":23},"end":{"line":65,"column":24}},"loc":{"start":{"line":65,"column":32},"end":{"line":68,"column":3}},"line":65},"6":{"name":"(anonymous_6)","decl":{"start":{"line":77,"column":12},"end":{"line":77,"column":13}},"loc":{"start":{"line":77,"column":18},"end":{"line":80,"column":3}},"line":77},"7":{"name":"NewTweetPage","decl":{"start":{"line":110,"column":9},"end":{"line":110,"column":21}},"loc":{"start":{"line":110,"column":24},"end":{"line":158,"column":1}},"line":110},"8":{"name":"(anonymous_8)","decl":{"start":{"line":119,"column":12},"end":{"line":119,"column":13}},"loc":{"start":{"line":119,"column":18},"end":{"line":121,"column":3}},"line":119},"9":{"name":"(anonymous_9)","decl":{"start":{"line":123,"column":12},"end":{"line":123,"column":13}},"loc":{"start":{"line":123,"column":18},"end":{"line":125,"column":3}},"line":123},"10":{"name":"(anonymous_10)","decl":{"start":{"line":127,"column":23},"end":{"line":127,"column":24}},"loc":{"start":{"line":127,"column":40},"end":{"line":129,"column":3}},"line":127},"11":{"name":"(anonymous_11)","decl":{"start":{"line":131,"column":31},"end":{"line":131,"column":32}},"loc":{"start":{"line":131,"column":37},"end":{"line":131,"column":39}},"line":131},"12":{"name":"(anonymous_12)","decl":{"start":{"line":132,"column":25},"end":{"line":132,"column":26}},"loc":{"start":{"line":132,"column":32},"end":{"line":132,"column":34}},"line":132},"13":{"name":"(anonymous_13)","decl":{"start":{"line":138,"column":13},"end":{"line":138,"column":14}},"loc":{"start":{"line":138,"column":24},"end":{"line":141,"column":9}},"line":138}},"branchMap":{"0":{"loc":{"start":{"line":24,"column":2},"end":{"line":24,"column":23}},"type":"if","locations":[{"start":{"line":24,"column":2},"end":{"line":24,"column":23}},{"start":{},"end":{}}],"line":24},"1":{"loc":{"start":{"line":75,"column":25},"end":{"line":75,"column":71}},"type":"binary-expr","locations":[{"start":{"line":75,"column":25},"end":{"line":75,"column":57}},{"start":{"line":75,"column":61},"end":{"line":75,"column":71}}],"line":75},"2":{"loc":{"start":{"line":104,"column":9},"end":{"line":104,"column":26}},"type":"cond-expr","locations":[{"start":{"line":104,"column":14},"end":{"line":104,"column":18}},{"start":{"line":104,"column":21},"end":{"line":104,"column":26}}],"line":104}},"s":{"0":0,"1":0,"2":0,"3":0,"4":0,"5":0,"6":0,"7":0,"8":0,"9":0,"10":0,"11":0,"12":0,"13":0,"14":0,"15":0,"16":0,"17":0,"18":0,"19":0,"20":0,"21":0,"22":0,"23":0,"24":0,"25":0,"26":0,"27":0,"28":0,"29":0,"30":0,"31":0,"32":0,"33":0,"34":0,"35":0,"36":0,"37":0,"38":0,"39":0,"40":0,"41":0,"42":0},"f":{"0":0,"1":0,"2":0,"3":0,"4":0,"5":0,"6":0,"7":0,"8":0,"9":0,"10":0,"11":0,"12":0,"13":0},"b":{"0":[0,0],"1":[0,0],"2":[0,0]}}
,"/Users/alex/Desktop/KEEPKODING/REACT_AVANZADO/GIT/FullStack07_React_app_tweeter_REDUX_/src/pages/tweets/NewTweetPage/index.js": {"path":"/Users/alex/Desktop/KEEPKODING/REACT_AVANZADO/GIT/FullStack07_React_app_tweeter_REDUX_/src/pages/tweets/NewTweetPage/index.js","statementMap":{},"fnMap":{},"branchMap":{},"s":{},"f":{},"b":{}}
,"/Users/alex/Desktop/KEEPKODING/REACT_AVANZADO/GIT/FullStack07_React_app_tweeter_REDUX_/src/pages/tweets/TweetPage/TweetPage.js": {"path":"/Users/alex/Desktop/KEEPKODING/REACT_AVANZADO/GIT/FullStack07_React_app_tweeter_REDUX_/src/pages/tweets/TweetPage/TweetPage.js","statementMap":{"0":{"start":{"line":9,"column":17},"end":{"line":9,"column":28}},"1":{"start":{"line":11,"column":16},"end":{"line":11,"column":53}},"2":{"start":{"line":12,"column":19},"end":{"line":12,"column":32}},"3":{"start":{"line":14,"column":2},"end":{"line":16,"column":33}},"4":{"start":{"line":15,"column":4},"end":{"line":15,"column":43}},"5":{"start":{"line":18,"column":2},"end":{"line":29,"column":4}}},"fnMap":{"0":{"name":"TweetPage","decl":{"start":{"line":8,"column":9},"end":{"line":8,"column":18}},"loc":{"start":{"line":8,"column":21},"end":{"line":30,"column":1}},"line":8},"1":{"name":"(anonymous_1)","decl":{"start":{"line":14,"column":12},"end":{"line":14,"column":13}},"loc":{"start":{"line":14,"column":18},"end":{"line":16,"column":3}},"line":14}},"branchMap":{"0":{"loc":{"start":{"line":22,"column":9},"end":{"line":26,"column":9}},"type":"binary-expr","locations":[{"start":{"line":22,"column":9},"end":{"line":22,"column":14}},{"start":{"line":23,"column":10},"end":{"line":25,"column":16}}],"line":22}},"s":{"0":0,"1":0,"2":0,"3":0,"4":0,"5":0},"f":{"0":0,"1":0},"b":{"0":[0,0]}}
,"/Users/alex/Desktop/KEEPKODING/REACT_AVANZADO/GIT/FullStack07_React_app_tweeter_REDUX_/src/pages/tweets/TweetPage/index.js": {"path":"/Users/alex/Desktop/KEEPKODING/REACT_AVANZADO/GIT/FullStack07_React_app_tweeter_REDUX_/src/pages/tweets/TweetPage/index.js","statementMap":{},"fnMap":{},"branchMap":{},"s":{},"f":{},"b":{}}
,"/Users/alex/Desktop/KEEPKODING/REACT_AVANZADO/GIT/FullStack07_React_app_tweeter_REDUX_/src/pages/tweets/TweetsPage/TweetsPage.js": {"path":"/Users/alex/Desktop/KEEPKODING/REACT_AVANZADO/GIT/FullStack07_React_app_tweeter_REDUX_/src/pages/tweets/TweetsPage/TweetsPage.js","statementMap":{"0":{"start":{"line":12,"column":18},"end":{"line":17,"column":1}},"1":{"start":{"line":13,"column":2},"end":{"line":16,"column":8}},"2":{"start":{"line":20,"column":17},"end":{"line":20,"column":39}},"3":{"start":{"line":21,"column":19},"end":{"line":21,"column":32}},"4":{"start":{"line":23,"column":2},"end":{"line":25,"column":17}},"5":{"start":{"line":24,"column":4},"end":{"line":24,"column":28}},"6":{"start":{"line":27,"column":2},"end":{"line":45,"column":4}},"7":{"start":{"line":33,"column":14},"end":{"line":37,"column":19}}},"fnMap":{"0":{"name":"(anonymous_0)","decl":{"start":{"line":12,"column":18},"end":{"line":12,"column":19}},"loc":{"start":{"line":13,"column":2},"end":{"line":16,"column":8}},"line":13},"1":{"name":"TweetsPage","decl":{"start":{"line":19,"column":9},"end":{"line":19,"column":19}},"loc":{"start":{"line":19,"column":22},"end":{"line":46,"column":1}},"line":19},"2":{"name":"(anonymous_2)","decl":{"start":{"line":23,"column":12},"end":{"line":23,"column":13}},"loc":{"start":{"line":23,"column":18},"end":{"line":25,"column":3}},"line":23},"3":{"name":"(anonymous_3)","decl":{"start":{"line":32,"column":24},"end":{"line":32,"column":25}},"loc":{"start":{"line":33,"column":14},"end":{"line":37,"column":19}},"line":33}},"branchMap":{"0":{"loc":{"start":{"line":30,"column":9},"end":{"line":42,"column":9}},"type":"cond-expr","locations":[{"start":{"line":31,"column":10},"end":{"line":39,"column":15}},{"start":{"line":41,"column":10},"end":{"line":41,"column":23}}],"line":30}},"s":{"0":0,"1":0,"2":0,"3":0,"4":0,"5":0,"6":0,"7":0},"f":{"0":0,"1":0,"2":0,"3":0},"b":{"0":[0,0]}}
,"/Users/alex/Desktop/KEEPKODING/REACT_AVANZADO/GIT/FullStack07_React_app_tweeter_REDUX_/src/pages/tweets/TweetsPage/index.js": {"path":"/Users/alex/Desktop/KEEPKODING/REACT_AVANZADO/GIT/FullStack07_React_app_tweeter_REDUX_/src/pages/tweets/TweetsPage/index.js","statementMap":{},"fnMap":{},"branchMap":{},"s":{},"f":{},"b":{}}
,"/Users/alex/Desktop/KEEPKODING/REACT_AVANZADO/GIT/FullStack07_React_app_tweeter_REDUX_/src/pages/tweets/components/LikeButton.js": {"path":"/Users/alex/Desktop/KEEPKODING/REACT_AVANZADO/GIT/FullStack07_React_app_tweeter_REDUX_/src/pages/tweets/components/LikeButton.js","statementMap":{"0":{"start":{"line":9,"column":19},"end":{"line":28,"column":1}},"1":{"start":{"line":10,"column":15},"end":{"line":10,"column":48}},"2":{"start":{"line":12,"column":2},"end":{"line":27,"column":4}},"3":{"start":{"line":18,"column":8},"end":{"line":18,"column":31}},"4":{"start":{"line":19,"column":8},"end":{"line":19,"column":22}},"5":{"start":{"line":30,"column":0},"end":{"line":34,"column":2}},"6":{"start":{"line":36,"column":0},"end":{"line":38,"column":2}}},"fnMap":{"0":{"name":"(anonymous_0)","decl":{"start":{"line":9,"column":19},"end":{"line":9,"column":20}},"loc":{"start":{"line":9,"column":50},"end":{"line":28,"column":1}},"line":9},"1":{"name":"(anonymous_1)","decl":{"start":{"line":17,"column":15},"end":{"line":17,"column":16}},"loc":{"start":{"line":17,"column":24},"end":{"line":20,"column":7}},"line":17}},"branchMap":{"0":{"loc":{"start":{"line":10,"column":15},"end":{"line":10,"column":48}},"type":"cond-expr","locations":[{"start":{"line":10,"column":24},"end":{"line":10,"column":33}},{"start":{"line":10,"column":36},"end":{"line":10,"column":48}}],"line":10}},"s":{"0":0,"1":0,"2":0,"3":0,"4":0,"5":0,"6":0},"f":{"0":0,"1":0},"b":{"0":[0,0]}}
,"/Users/alex/Desktop/KEEPKODING/REACT_AVANZADO/GIT/FullStack07_React_app_tweeter_REDUX_/src/pages/tweets/components/Tweet.js": {"path":"/Users/alex/Desktop/KEEPKODING/REACT_AVANZADO/GIT/FullStack07_React_app_tweeter_REDUX_/src/pages/tweets/components/Tweet.js","statementMap":{"0":{"start":{"line":9,"column":14},"end":{"line":36,"column":1}},"1":{"start":{"line":10,"column":2},"end":{"line":35,"column":4}},"2":{"start":{"line":29,"column":31},"end":{"line":29,"column":49}},"3":{"start":{"line":38,"column":0},"end":{"line":46,"column":2}}},"fnMap":{"0":{"name":"(anonymous_0)","decl":{"start":{"line":9,"column":14},"end":{"line":9,"column":15}},"loc":{"start":{"line":9,"column":55},"end":{"line":36,"column":1}},"line":9},"1":{"name":"(anonymous_1)","decl":{"start":{"line":29,"column":22},"end":{"line":29,"column":23}},"loc":{"start":{"line":29,"column":31},"end":{"line":29,"column":49}},"line":29}},"branchMap":{},"s":{"0":0,"1":0,"2":0,"3":0},"f":{"0":0,"1":0},"b":{}}
,"/Users/alex/Desktop/KEEPKODING/REACT_AVANZADO/GIT/FullStack07_React_app_tweeter_REDUX_/src/store/actions.js": {"path":"/Users/alex/Desktop/KEEPKODING/REACT_AVANZADO/GIT/FullStack07_React_app_tweeter_REDUX_/src/store/actions.js","statementMap":{"0":{"start":{"line":21,"column":32},"end":{"line":23,"column":2}},"1":{"start":{"line":21,"column":39},"end":{"line":23,"column":1}},"2":{"start":{"line":25,"column":32},"end":{"line":27,"column":2}},"3":{"start":{"line":25,"column":39},"end":{"line":27,"column":1}},"4":{"start":{"line":29,"column":32},"end":{"line":33,"column":2}},"5":{"start":{"line":29,"column":42},"end":{"line":33,"column":1}},"6":{"start":{"line":36,"column":2},"end":{"line":46,"column":4}},"7":{"start":{"line":37,"column":4},"end":{"line":45,"column":5}},"8":{"start":{"line":38,"column":6},"end":{"line":38,"column":35}},"9":{"start":{"line":39,"column":6},"end":{"line":39,"column":36}},"10":{"start":{"line":40,"column":6},"end":{"line":40,"column":35}},"11":{"start":{"line":41,"column":17},"end":{"line":41,"column":67}},"12":{"start":{"line":42,"column":6},"end":{"line":42,"column":26}},"13":{"start":{"line":44,"column":6},"end":{"line":44,"column":40}},"14":{"start":{"line":49,"column":26},"end":{"line":51,"column":2}},"15":{"start":{"line":49,"column":33},"end":{"line":51,"column":1}},"16":{"start":{"line":53,"column":35},"end":{"line":55,"column":2}},"17":{"start":{"line":53,"column":42},"end":{"line":55,"column":1}},"18":{"start":{"line":57,"column":35},"end":{"line":60,"column":2}},"19":{"start":{"line":57,"column":46},"end":{"line":60,"column":1}},"20":{"start":{"line":62,"column":35},"end":{"line":66,"column":2}},"21":{"start":{"line":62,"column":45},"end":{"line":66,"column":1}},"22":{"start":{"line":69,"column":2},"end":{"line":81,"column":4}},"23":{"start":{"line":70,"column":4},"end":{"line":72,"column":5}},"24":{"start":{"line":71,"column":6},"end":{"line":71,"column":13}},"25":{"start":{"line":74,"column":4},"end":{"line":80,"column":5}},"26":{"start":{"line":75,"column":6},"end":{"line":75,"column":38}},"27":{"start":{"line":76,"column":25},"end":{"line":76,"column":55}},"28":{"start":{"line":77,"column":6},"end":{"line":77,"column":48}},"29":{"start":{"line":79,"column":6},"end":{"line":79,"column":43}},"30":{"start":{"line":84,"column":35},"end":{"line":86,"column":2}},"31":{"start":{"line":84,"column":42},"end":{"line":86,"column":1}},"32":{"start":{"line":88,"column":35},"end":{"line":91,"column":2}},"33":{"start":{"line":88,"column":45},"end":{"line":91,"column":1}},"34":{"start":{"line":93,"column":35},"end":{"line":97,"column":2}},"35":{"start":{"line":93,"column":45},"end":{"line":97,"column":1}},"36":{"start":{"line":100,"column":2},"end":{"line":112,"column":4}},"37":{"start":{"line":101,"column":4},"end":{"line":103,"column":5}},"38":{"start":{"line":102,"column":6},"end":{"line":102,"column":13}},"39":{"start":{"line":105,"column":4},"end":{"line":111,"column":5}},"40":{"start":{"line":106,"column":6},"end":{"line":106,"column":38}},"41":{"start":{"line":107,"column":20},"end":{"line":107,"column":50}},"42":{"start":{"line":108,"column":6},"end":{"line":108,"column":43}},"43":{"start":{"line":110,"column":6},"end":{"line":110,"column":43}},"44":{"start":{"line":115,"column":36},"end":{"line":117,"column":2}},"45":{"start":{"line":115,"column":43},"end":{"line":117,"column":1}},"46":{"start":{"line":119,"column":36},"end":{"line":122,"column":2}},"47":{"start":{"line":119,"column":46},"end":{"line":122,"column":1}},"48":{"start":{"line":124,"column":36},"end":{"line":128,"column":2}},"49":{"start":{"line":124,"column":46},"end":{"line":128,"column":1}},"50":{"start":{"line":131,"column":2},"end":{"line":142,"column":4}},"51":{"start":{"line":132,"column":4},"end":{"line":141,"column":5}},"52":{"start":{"line":133,"column":6},"end":{"line":133,"column":39}},"53":{"start":{"line":134,"column":21},"end":{"line":134,"column":52}},"54":{"start":{"line":136,"column":27},"end":{"line":136,"column":52}},"55":{"start":{"line":137,"column":6},"end":{"line":137,"column":51}},"56":{"start":{"line":138,"column":6},"end":{"line":138,"column":52}},"57":{"start":{"line":140,"column":6},"end":{"line":140,"column":44}},"58":{"start":{"line":145,"column":28},"end":{"line":145,"column":60}},"59":{"start":{"line":145,"column":35},"end":{"line":145,"column":59}}},"fnMap":{"0":{"name":"(anonymous_0)","decl":{"start":{"line":21,"column":32},"end":{"line":21,"column":33}},"loc":{"start":{"line":21,"column":39},"end":{"line":23,"column":1}},"line":21},"1":{"name":"(anonymous_1)","decl":{"start":{"line":25,"column":32},"end":{"line":25,"column":33}},"loc":{"start":{"line":25,"column":39},"end":{"line":27,"column":1}},"line":25},"2":{"name":"(anonymous_2)","decl":{"start":{"line":29,"column":32},"end":{"line":29,"column":33}},"loc":{"start":{"line":29,"column":42},"end":{"line":33,"column":1}},"line":29},"3":{"name":"authLogin","decl":{"start":{"line":35,"column":16},"end":{"line":35,"column":25}},"loc":{"start":{"line":35,"column":39},"end":{"line":47,"column":1}},"line":35},"4":{"name":"(anonymous_4)","decl":{"start":{"line":36,"column":9},"end":{"line":36,"column":10}},"loc":{"start":{"line":36,"column":72},"end":{"line":46,"column":3}},"line":36},"5":{"name":"(anonymous_5)","decl":{"start":{"line":49,"column":26},"end":{"line":49,"column":27}},"loc":{"start":{"line":49,"column":33},"end":{"line":51,"column":1}},"line":49},"6":{"name":"(anonymous_6)","decl":{"start":{"line":53,"column":35},"end":{"line":53,"column":36}},"loc":{"start":{"line":53,"column":42},"end":{"line":55,"column":1}},"line":53},"7":{"name":"(anonymous_7)","decl":{"start":{"line":57,"column":35},"end":{"line":57,"column":36}},"loc":{"start":{"line":57,"column":46},"end":{"line":60,"column":1}},"line":57},"8":{"name":"(anonymous_8)","decl":{"start":{"line":62,"column":35},"end":{"line":62,"column":36}},"loc":{"start":{"line":62,"column":45},"end":{"line":66,"column":1}},"line":62},"9":{"name":"loadTweets","decl":{"start":{"line":68,"column":16},"end":{"line":68,"column":26}},"loc":{"start":{"line":68,"column":29},"end":{"line":82,"column":1}},"line":68},"10":{"name":"(anonymous_10)","decl":{"start":{"line":69,"column":9},"end":{"line":69,"column":10}},"loc":{"start":{"line":69,"column":66},"end":{"line":81,"column":3}},"line":69},"11":{"name":"(anonymous_11)","decl":{"start":{"line":84,"column":35},"end":{"line":84,"column":36}},"loc":{"start":{"line":84,"column":42},"end":{"line":86,"column":1}},"line":84},"12":{"name":"(anonymous_12)","decl":{"start":{"line":88,"column":35},"end":{"line":88,"column":36}},"loc":{"start":{"line":88,"column":45},"end":{"line":91,"column":1}},"line":88},"13":{"name":"(anonymous_13)","decl":{"start":{"line":93,"column":35},"end":{"line":93,"column":36}},"loc":{"start":{"line":93,"column":45},"end":{"line":97,"column":1}},"line":93},"14":{"name":"detailTweets","decl":{"start":{"line":99,"column":16},"end":{"line":99,"column":28}},"loc":{"start":{"line":99,"column":38},"end":{"line":113,"column":1}},"line":99},"15":{"name":"(anonymous_15)","decl":{"start":{"line":100,"column":9},"end":{"line":100,"column":10}},"loc":{"start":{"line":100,"column":66},"end":{"line":112,"column":3}},"line":100},"16":{"name":"(anonymous_16)","decl":{"start":{"line":115,"column":36},"end":{"line":115,"column":37}},"loc":{"start":{"line":115,"column":43},"end":{"line":117,"column":1}},"line":115},"17":{"name":"(anonymous_17)","decl":{"start":{"line":119,"column":36},"end":{"line":119,"column":37}},"loc":{"start":{"line":119,"column":46},"end":{"line":122,"column":1}},"line":119},"18":{"name":"(anonymous_18)","decl":{"start":{"line":124,"column":36},"end":{"line":124,"column":37}},"loc":{"start":{"line":124,"column":46},"end":{"line":128,"column":1}},"line":124},"19":{"name":"createTweet","decl":{"start":{"line":130,"column":16},"end":{"line":130,"column":27}},"loc":{"start":{"line":130,"column":35},"end":{"line":143,"column":1}},"line":130},"20":{"name":"(anonymous_20)","decl":{"start":{"line":131,"column":9},"end":{"line":131,"column":10}},"loc":{"start":{"line":131,"column":75},"end":{"line":142,"column":3}},"line":131},"21":{"name":"(anonymous_21)","decl":{"start":{"line":145,"column":28},"end":{"line":145,"column":29}},"loc":{"start":{"line":145,"column":35},"end":{"line":145,"column":59}},"line":145}},"branchMap":{"0":{"loc":{"start":{"line":41,"column":17},"end":{"line":41,"column":67}},"type":"binary-expr","locations":[{"start":{"line":41,"column":17},"end":{"line":41,"column":60}},{"start":{"line":41,"column":64},"end":{"line":41,"column":67}}],"line":41},"1":{"loc":{"start":{"line":70,"column":4},"end":{"line":72,"column":5}},"type":"if","locations":[{"start":{"line":70,"column":4},"end":{"line":72,"column":5}},{"start":{},"end":{}}],"line":70},"2":{"loc":{"start":{"line":101,"column":4},"end":{"line":103,"column":5}},"type":"if","locations":[{"start":{"line":101,"column":4},"end":{"line":103,"column":5}},{"start":{},"end":{}}],"line":101}},"s":{"0":3,"1":4,"2":3,"3":4,"4":3,"5":2,"6":1,"7":2,"8":2,"9":2,"10":1,"11":1,"12":1,"13":1,"14":3,"15":1,"16":3,"17":0,"18":3,"19":1,"20":3,"21":0,"22":0,"23":0,"24":0,"25":0,"26":0,"27":0,"28":0,"29":0,"30":3,"31":0,"32":3,"33":0,"34":3,"35":0,"36":0,"37":0,"38":0,"39":0,"40":0,"41":0,"42":0,"43":0,"44":3,"45":2,"46":3,"47":0,"48":3,"49":0,"50":0,"51":0,"52":0,"53":0,"54":0,"55":0,"56":0,"57":0,"58":3,"59":0},"f":{"0":4,"1":4,"2":2,"3":1,"4":2,"5":1,"6":0,"7":1,"8":0,"9":0,"10":0,"11":0,"12":0,"13":0,"14":0,"15":0,"16":2,"17":0,"18":0,"19":0,"20":0,"21":0},"b":{"0":[1,0],"1":[0,0],"2":[0,0]},"_coverageSchema":"1a1c01bbd47fc00a2c39e90264f33305004495a9","hash":"c3eead9ed3e7f318069707ebb61923450e8d284a"}
,"/Users/alex/Desktop/KEEPKODING/REACT_AVANZADO/GIT/FullStack07_React_app_tweeter_REDUX_/src/store/index-poc.js": {"path":"/Users/alex/Desktop/KEEPKODING/REACT_AVANZADO/GIT/FullStack07_React_app_tweeter_REDUX_/src/store/index-poc.js","statementMap":{"0":{"start":{"line":5,"column":18},"end":{"line":5,"column":20}},"1":{"start":{"line":8,"column":4},"end":{"line":8,"column":17}},"2":{"start":{"line":12,"column":4},"end":{"line":12,"column":35}},"3":{"start":{"line":13,"column":4},"end":{"line":13,"column":32}},"4":{"start":{"line":13,"column":27},"end":{"line":13,"column":30}},"5":{"start":{"line":17,"column":4},"end":{"line":17,"column":29}},"6":{"start":{"line":19,"column":4},"end":{"line":21,"column":6}},"7":{"start":{"line":20,"column":6},"end":{"line":20,"column":51}},"8":{"start":{"line":20,"column":40},"end":{"line":20,"column":49}},"9":{"start":{"line":24,"column":2},"end":{"line":24,"column":39}},"10":{"start":{"line":26,"column":2},"end":{"line":30,"column":4}},"11":{"start":{"line":33,"column":16},"end":{"line":43,"column":1}},"12":{"start":{"line":35,"column":2},"end":{"line":42,"column":3}},"13":{"start":{"line":37,"column":6},"end":{"line":37,"column":23}},"14":{"start":{"line":39,"column":6},"end":{"line":39,"column":23}},"15":{"start":{"line":41,"column":6},"end":{"line":41,"column":19}},"16":{"start":{"line":45,"column":14},"end":{"line":45,"column":34}},"17":{"start":{"line":47,"column":17},"end":{"line":47,"column":61}},"18":{"start":{"line":47,"column":23},"end":{"line":47,"column":61}},"19":{"start":{"line":48,"column":20},"end":{"line":48,"column":45}},"20":{"start":{"line":49,"column":0},"end":{"line":49,"column":11}},"21":{"start":{"line":51,"column":0},"end":{"line":51,"column":38}},"22":{"start":{"line":53,"column":0},"end":{"line":53,"column":14}},"23":{"start":{"line":54,"column":0},"end":{"line":54,"column":38}},"24":{"start":{"line":55,"column":0},"end":{"line":55,"column":30}}},"fnMap":{"0":{"name":"createStore","decl":{"start":{"line":3,"column":9},"end":{"line":3,"column":20}},"loc":{"start":{"line":3,"column":30},"end":{"line":31,"column":1}},"line":3},"1":{"name":"getState","decl":{"start":{"line":7,"column":11},"end":{"line":7,"column":19}},"loc":{"start":{"line":7,"column":22},"end":{"line":9,"column":3}},"line":7},"2":{"name":"dispatch","decl":{"start":{"line":11,"column":11},"end":{"line":11,"column":19}},"loc":{"start":{"line":11,"column":28},"end":{"line":14,"column":3}},"line":11},"3":{"name":"(anonymous_3)","decl":{"start":{"line":13,"column":22},"end":{"line":13,"column":23}},"loc":{"start":{"line":13,"column":27},"end":{"line":13,"column":30}},"line":13},"4":{"name":"subscribe","decl":{"start":{"line":16,"column":11},"end":{"line":16,"column":20}},"loc":{"start":{"line":16,"column":31},"end":{"line":22,"column":3}},"line":16},"5":{"name":"(anonymous_5)","decl":{"start":{"line":19,"column":11},"end":{"line":19,"column":12}},"loc":{"start":{"line":19,"column":23},"end":{"line":21,"column":5}},"line":19},"6":{"name":"(anonymous_6)","decl":{"start":{"line":20,"column":35},"end":{"line":20,"column":36}},"loc":{"start":{"line":20,"column":40},"end":{"line":20,"column":49}},"line":20},"7":{"name":"(anonymous_7)","decl":{"start":{"line":33,"column":16},"end":{"line":33,"column":17}},"loc":{"start":{"line":33,"column":39},"end":{"line":43,"column":1}},"line":33},"8":{"name":"(anonymous_8)","decl":{"start":{"line":47,"column":17},"end":{"line":47,"column":18}},"loc":{"start":{"line":47,"column":23},"end":{"line":47,"column":61}},"line":47}},"branchMap":{"0":{"loc":{"start":{"line":33,"column":17},"end":{"line":33,"column":26}},"type":"default-arg","locations":[{"start":{"line":33,"column":25},"end":{"line":33,"column":26}}],"line":33},"1":{"loc":{"start":{"line":35,"column":2},"end":{"line":42,"column":3}},"type":"switch","locations":[{"start":{"line":36,"column":4},"end":{"line":37,"column":23}},{"start":{"line":38,"column":4},"end":{"line":39,"column":23}},{"start":{"line":40,"column":4},"end":{"line":41,"column":19}}],"line":35}},"s":{"0":0,"1":0,"2":0,"3":0,"4":0,"5":0,"6":0,"7":0,"8":0,"9":0,"10":0,"11":0,"12":0,"13":0,"14":0,"15":0,"16":0,"17":0,"18":0,"19":0,"20":0,"21":0,"22":0,"23":0,"24":0},"f":{"0":0,"1":0,"2":0,"3":0,"4":0,"5":0,"6":0,"7":0,"8":0},"b":{"0":[0],"1":[0,0,0]}}
,"/Users/alex/Desktop/KEEPKODING/REACT_AVANZADO/GIT/FullStack07_React_app_tweeter_REDUX_/src/store/index.js": {"path":"/Users/alex/Desktop/KEEPKODING/REACT_AVANZADO/GIT/FullStack07_React_app_tweeter_REDUX_/src/store/index.js","statementMap":{"0":{"start":{"line":11,"column":25},"end":{"line":11,"column":64}},"1":{"start":{"line":20,"column":15},"end":{"line":27,"column":1}},"2":{"start":{"line":20,"column":24},"end":{"line":27,"column":1}},"3":{"start":{"line":20,"column":32},"end":{"line":27,"column":1}},"4":{"start":{"line":21,"column":2},"end":{"line":21,"column":29}},"5":{"start":{"line":22,"column":2},"end":{"line":22,"column":56}},"6":{"start":{"line":23,"column":17},"end":{"line":23,"column":29}},"7":{"start":{"line":24,"column":2},"end":{"line":24,"column":47}},"8":{"start":{"line":25,"column":2},"end":{"line":25,"column":21}},"9":{"start":{"line":26,"column":2},"end":{"line":26,"column":16}},"10":{"start":{"line":29,"column":17},"end":{"line":34,"column":1}},"11":{"start":{"line":29,"column":23},"end":{"line":34,"column":1}},"12":{"start":{"line":29,"column":31},"end":{"line":34,"column":1}},"13":{"start":{"line":30,"column":2},"end":{"line":32,"column":3}},"14":{"start":{"line":31,"column":4},"end":{"line":31,"column":11}},"15":{"start":{"line":33,"column":2},"end":{"line":33,"column":22}},"16":{"start":{"line":36,"column":18},"end":{"line":41,"column":1}},"17":{"start":{"line":36,"column":24},"end":{"line":41,"column":1}},"18":{"start":{"line":36,"column":32},"end":{"line":41,"column":1}},"19":{"start":{"line":37,"column":2},"end":{"line":40,"column":5}},"20":{"start":{"line":43,"column":25},"end":{"line":54,"column":1}},"21":{"start":{"line":43,"column":51},"end":{"line":54,"column":1}},"22":{"start":{"line":43,"column":60},"end":{"line":54,"column":1}},"23":{"start":{"line":43,"column":68},"end":{"line":54,"column":1}},"24":{"start":{"line":44,"column":17},"end":{"line":44,"column":29}},"25":{"start":{"line":46,"column":2},"end":{"line":51,"column":3}},"26":{"start":{"line":47,"column":21},"end":{"line":47,"column":56}},"27":{"start":{"line":48,"column":4},"end":{"line":50,"column":5}},"28":{"start":{"line":49,"column":6},"end":{"line":49,"column":32}},"29":{"start":{"line":53,"column":2},"end":{"line":53,"column":16}},"30":{"start":{"line":56,"column":23},"end":{"line":79,"column":1}},"31":{"start":{"line":57,"column":2},"end":{"line":78,"column":4}},"32":{"start":{"line":58,"column":38},"end":{"line":58,"column":43}},"33":{"start":{"line":60,"column":4},"end":{"line":68,"column":5}},"34":{"start":{"line":61,"column":6},"end":{"line":67,"column":8}},"35":{"start":{"line":70,"column":21},"end":{"line":70,"column":47}},"36":{"start":{"line":71,"column":4},"end":{"line":77,"column":6}},"37":{"start":{"line":81,"column":20},"end":{"line":81,"column":61}},"38":{"start":{"line":84,"column":21},"end":{"line":90,"column":3}},"39":{"start":{"line":91,"column":16},"end":{"line":97,"column":3}},"40":{"start":{"line":98,"column":2},"end":{"line":98,"column":15}}},"fnMap":{"0":{"name":"(anonymous_0)","decl":{"start":{"line":20,"column":15},"end":{"line":20,"column":16}},"loc":{"start":{"line":20,"column":24},"end":{"line":27,"column":1}},"line":20},"1":{"name":"(anonymous_1)","decl":{"start":{"line":20,"column":24},"end":{"line":20,"column":25}},"loc":{"start":{"line":20,"column":32},"end":{"line":27,"column":1}},"line":20},"2":{"name":"(anonymous_2)","decl":{"start":{"line":20,"column":32},"end":{"line":20,"column":33}},"loc":{"start":{"line":20,"column":42},"end":{"line":27,"column":1}},"line":20},"3":{"name":"(anonymous_3)","decl":{"start":{"line":29,"column":17},"end":{"line":29,"column":18}},"loc":{"start":{"line":29,"column":23},"end":{"line":34,"column":1}},"line":29},"4":{"name":"(anonymous_4)","decl":{"start":{"line":29,"column":23},"end":{"line":29,"column":24}},"loc":{"start":{"line":29,"column":31},"end":{"line":34,"column":1}},"line":29},"5":{"name":"(anonymous_5)","decl":{"start":{"line":29,"column":31},"end":{"line":29,"column":32}},"loc":{"start":{"line":29,"column":41},"end":{"line":34,"column":1}},"line":29},"6":{"name":"(anonymous_6)","decl":{"start":{"line":36,"column":18},"end":{"line":36,"column":19}},"loc":{"start":{"line":36,"column":24},"end":{"line":41,"column":1}},"line":36},"7":{"name":"(anonymous_7)","decl":{"start":{"line":36,"column":24},"end":{"line":36,"column":25}},"loc":{"start":{"line":36,"column":32},"end":{"line":41,"column":1}},"line":36},"8":{"name":"(anonymous_8)","decl":{"start":{"line":36,"column":32},"end":{"line":36,"column":33}},"loc":{"start":{"line":36,"column":42},"end":{"line":41,"column":1}},"line":36},"9":{"name":"(anonymous_9)","decl":{"start":{"line":43,"column":25},"end":{"line":43,"column":26}},"loc":{"start":{"line":43,"column":51},"end":{"line":54,"column":1}},"line":43},"10":{"name":"(anonymous_10)","decl":{"start":{"line":43,"column":51},"end":{"line":43,"column":52}},"loc":{"start":{"line":43,"column":60},"end":{"line":54,"column":1}},"line":43},"11":{"name":"(anonymous_11)","decl":{"start":{"line":43,"column":60},"end":{"line":43,"column":61}},"loc":{"start":{"line":43,"column":68},"end":{"line":54,"column":1}},"line":43},"12":{"name":"(anonymous_12)","decl":{"start":{"line":43,"column":68},"end":{"line":43,"column":69}},"loc":{"start":{"line":43,"column":78},"end":{"line":54,"column":1}},"line":43},"13":{"name":"(anonymous_13)","decl":{"start":{"line":56,"column":23},"end":{"line":56,"column":24}},"loc":{"start":{"line":56,"column":34},"end":{"line":79,"column":1}},"line":56},"14":{"name":"(anonymous_14)","decl":{"start":{"line":57,"column":9},"end":{"line":57,"column":10}},"loc":{"start":{"line":57,"column":34},"end":{"line":78,"column":3}},"line":57},"15":{"name":"configureStore","decl":{"start":{"line":83,"column":24},"end":{"line":83,"column":38}},"loc":{"start":{"line":83,"column":67},"end":{"line":99,"column":1}},"line":83}},"branchMap":{"0":{"loc":{"start":{"line":30,"column":2},"end":{"line":32,"column":3}},"type":"if","locations":[{"start":{"line":30,"column":2},"end":{"line":32,"column":3}},{"start":{},"end":{}}],"line":30},"1":{"loc":{"start":{"line":46,"column":2},"end":{"line":51,"column":3}},"type":"if","locations":[{"start":{"line":46,"column":2},"end":{"line":51,"column":3}},{"start":{},"end":{}}],"line":46},"2":{"loc":{"start":{"line":48,"column":4},"end":{"line":50,"column":5}},"type":"if","locations":[{"start":{"line":48,"column":4},"end":{"line":50,"column":5}},{"start":{},"end":{}}],"line":48},"3":{"loc":{"start":{"line":60,"column":4},"end":{"line":68,"column":5}},"type":"if","locations":[{"start":{"line":60,"column":4},"end":{"line":68,"column":5}},{"start":{},"end":{}}],"line":60}},"s":{"0":0,"1":0,"2":0,"3":0,"4":0,"5":0,"6":0,"7":0,"8":0,"9":0,"10":0,"11":0,"12":0,"13":0,"14":0,"15":0,"16":0,"17":0,"18":0,"19":0,"20":0,"21":0,"22":0,"23":0,"24":0,"25":0,"26":0,"27":0,"28":0,"29":0,"30":0,"31":0,"32":0,"33":0,"34":0,"35":0,"36":0,"37":0,"38":0,"39":0,"40":0},"f":{"0":0,"1":0,"2":0,"3":0,"4":0,"5":0,"6":0,"7":0,"8":0,"9":0,"10":0,"11":0,"12":0,"13":0,"14":0,"15":0},"b":{"0":[0,0],"1":[0,0],"2":[0,0],"3":[0,0]}}
,"/Users/alex/Desktop/KEEPKODING/REACT_AVANZADO/GIT/FullStack07_React_app_tweeter_REDUX_/src/store/reducers.js": {"path":"/Users/alex/Desktop/KEEPKODING/REACT_AVANZADO/GIT/FullStack07_React_app_tweeter_REDUX_/src/store/reducers.js","statementMap":{"0":{"start":{"line":10,"column":28},"end":{"line":20,"column":1}},"1":{"start":{"line":47,"column":2},"end":{"line":54,"column":3}},"2":{"start":{"line":49,"column":6},"end":{"line":49,"column":18}},"3":{"start":{"line":51,"column":6},"end":{"line":51,"column":19}},"4":{"start":{"line":53,"column":6},"end":{"line":53,"column":19}},"5":{"start":{"line":58,"column":2},"end":{"line":71,"column":3}},"6":{"start":{"line":60,"column":6},"end":{"line":60,"column":55}},"7":{"start":{"line":64,"column":6},"end":{"line":64,"column":58}},"8":{"start":{"line":67,"column":6},"end":{"line":67,"column":65}},"9":{"start":{"line":70,"column":6},"end":{"line":70,"column":19}},"10":{"start":{"line":75,"column":2},"end":{"line":77,"column":3}},"11":{"start":{"line":76,"column":4},"end":{"line":76,"column":56}},"12":{"start":{"line":79,"column":2},"end":{"line":81,"column":3}},"13":{"start":{"line":80,"column":4},"end":{"line":80,"column":45}},"14":{"start":{"line":83,"column":2},"end":{"line":85,"column":3}},"15":{"start":{"line":84,"column":4},"end":{"line":84,"column":46}},"16":{"start":{"line":87,"column":2},"end":{"line":89,"column":3}},"17":{"start":{"line":88,"column":4},"end":{"line":88,"column":37}},"18":{"start":{"line":91,"column":2},"end":{"line":91,"column":15}}},"fnMap":{"0":{"name":"auth","decl":{"start":{"line":46,"column":16},"end":{"line":46,"column":20}},"loc":{"start":{"line":46,"column":56},"end":{"line":55,"column":1}},"line":46},"1":{"name":"tweets","decl":{"start":{"line":57,"column":16},"end":{"line":57,"column":22}},"loc":{"start":{"line":57,"column":60},"end":{"line":72,"column":1}},"line":57},"2":{"name":"ui","decl":{"start":{"line":74,"column":16},"end":{"line":74,"column":18}},"loc":{"start":{"line":74,"column":52},"end":{"line":92,"column":1}},"line":74}},"branchMap":{"0":{"loc":{"start":{"line":46,"column":21},"end":{"line":46,"column":46}},"type":"default-arg","locations":[{"start":{"line":46,"column":29},"end":{"line":46,"column":46}}],"line":46},"1":{"loc":{"start":{"line":47,"column":2},"end":{"line":54,"column":3}},"type":"switch","locations":[{"start":{"line":48,"column":4},"end":{"line":49,"column":18}},{"start":{"line":50,"column":4},"end":{"line":51,"column":19}},{"start":{"line":52,"column":4},"end":{"line":53,"column":19}}],"line":47},"2":{"loc":{"start":{"line":57,"column":23},"end":{"line":57,"column":50}},"type":"default-arg","locations":[{"start":{"line":57,"column":31},"end":{"line":57,"column":50}}],"line":57},"3":{"loc":{"start":{"line":58,"column":2},"end":{"line":71,"column":3}},"type":"switch","locations":[{"start":{"line":59,"column":4},"end":{"line":60,"column":55}},{"start":{"line":62,"column":4},"end":{"line":64,"column":58}},{"start":{"line":66,"column":4},"end":{"line":67,"column":65}},{"start":{"line":69,"column":4},"end":{"line":70,"column":19}}],"line":58},"4":{"loc":{"start":{"line":74,"column":19},"end":{"line":74,"column":42}},"type":"default-arg","locations":[{"start":{"line":74,"column":27},"end":{"line":74,"column":42}}],"line":74},"5":{"loc":{"start":{"line":75,"column":2},"end":{"line":77,"column":3}},"type":"if","locations":[{"start":{"line":75,"column":2},"end":{"line":77,"column":3}},{"start":{},"end":{}}],"line":75},"6":{"loc":{"start":{"line":79,"column":2},"end":{"line":81,"column":3}},"type":"if","locations":[{"start":{"line":79,"column":2},"end":{"line":81,"column":3}},{"start":{},"end":{}}],"line":79},"7":{"loc":{"start":{"line":83,"column":2},"end":{"line":85,"column":3}},"type":"if","locations":[{"start":{"line":83,"column":2},"end":{"line":85,"column":3}},{"start":{},"end":{}}],"line":83},"8":{"loc":{"start":{"line":87,"column":2},"end":{"line":89,"column":3}},"type":"if","locations":[{"start":{"line":87,"column":2},"end":{"line":89,"column":3}},{"start":{},"end":{}}],"line":87}},"s":{"0":1,"1":4,"2":1,"3":1,"4":2,"5":0,"6":0,"7":0,"8":0,"9":0,"10":0,"11":0,"12":0,"13":0,"14":0,"15":0,"16":0,"17":0,"18":0},"f":{"0":4,"1":0,"2":0},"b":{"0":[1],"1":[1,1,2],"2":[0],"3":[0,0,0,0],"4":[0],"5":[0,0],"6":[0,0],"7":[0,0],"8":[0,0]},"_coverageSchema":"1a1c01bbd47fc00a2c39e90264f33305004495a9","hash":"5b8ec7ffbb5ec1e487d0bfcae912a733fce5627e"}
,"/Users/alex/Desktop/KEEPKODING/REACT_AVANZADO/GIT/FullStack07_React_app_tweeter_REDUX_/src/store/selectors.js": {"path":"/Users/alex/Desktop/KEEPKODING/REACT_AVANZADO/GIT/FullStack07_React_app_tweeter_REDUX_/src/store/selectors.js","statementMap":{"0":{"start":{"line":1,"column":27},"end":{"line":1,"column":46}},"1":{"start":{"line":1,"column":36},"end":{"line":1,"column":46}},"2":{"start":{"line":3,"column":25},"end":{"line":3,"column":51}},"3":{"start":{"line":3,"column":34},"end":{"line":3,"column":51}},"4":{"start":{"line":5,"column":31},"end":{"line":5,"column":62}},"5":{"start":{"line":5,"column":40},"end":{"line":5,"column":62}},"6":{"start":{"line":7,"column":24},"end":{"line":8,"column":62}},"7":{"start":{"line":7,"column":35},"end":{"line":8,"column":62}},"8":{"start":{"line":8,"column":2},"end":{"line":8,"column":62}},"9":{"start":{"line":8,"column":33},"end":{"line":8,"column":61}},"10":{"start":{"line":13,"column":21},"end":{"line":13,"column":38}},"11":{"start":{"line":13,"column":30},"end":{"line":13,"column":38}}},"fnMap":{"0":{"name":"(anonymous_0)","decl":{"start":{"line":1,"column":27},"end":{"line":1,"column":28}},"loc":{"start":{"line":1,"column":36},"end":{"line":1,"column":46}},"line":1},"1":{"name":"(anonymous_1)","decl":{"start":{"line":3,"column":25},"end":{"line":3,"column":26}},"loc":{"start":{"line":3,"column":34},"end":{"line":3,"column":51}},"line":3},"2":{"name":"(anonymous_2)","decl":{"start":{"line":5,"column":31},"end":{"line":5,"column":32}},"loc":{"start":{"line":5,"column":40},"end":{"line":5,"column":62}},"line":5},"3":{"name":"(anonymous_3)","decl":{"start":{"line":7,"column":24},"end":{"line":7,"column":25}},"loc":{"start":{"line":7,"column":35},"end":{"line":8,"column":62}},"line":7},"4":{"name":"(anonymous_4)","decl":{"start":{"line":7,"column":35},"end":{"line":7,"column":36}},"loc":{"start":{"line":8,"column":2},"end":{"line":8,"column":62}},"line":8},"5":{"name":"(anonymous_5)","decl":{"start":{"line":8,"column":24},"end":{"line":8,"column":25}},"loc":{"start":{"line":8,"column":33},"end":{"line":8,"column":61}},"line":8},"6":{"name":"(anonymous_6)","decl":{"start":{"line":13,"column":21},"end":{"line":13,"column":22}},"loc":{"start":{"line":13,"column":30},"end":{"line":13,"column":38}},"line":13}},"branchMap":{},"s":{"0":5,"1":0,"2":5,"3":2,"4":5,"5":0,"6":5,"7":2,"8":2,"9":2,"10":5,"11":4},"f":{"0":0,"1":2,"2":0,"3":2,"4":2,"5":2,"6":4},"b":{},"_coverageSchema":"1a1c01bbd47fc00a2c39e90264f33305004495a9","hash":"068a655706b10f939e0e5e40df06394edd4a8d7f"}
,"/Users/alex/Desktop/KEEPKODING/REACT_AVANZADO/GIT/FullStack07_React_app_tweeter_REDUX_/src/store/types.js": {"path":"/Users/alex/Desktop/KEEPKODING/REACT_AVANZADO/GIT/FullStack07_React_app_tweeter_REDUX_/src/store/types.js","statementMap":{"0":{"start":{"line":1,"column":34},"end":{"line":1,"column":54}},"1":{"start":{"line":2,"column":34},"end":{"line":2,"column":54}},"2":{"start":{"line":3,"column":34},"end":{"line":3,"column":54}},"3":{"start":{"line":5,"column":30},"end":{"line":5,"column":46}},"4":{"start":{"line":7,"column":27},"end":{"line":7,"column":40}},"5":{"start":{"line":9,"column":37},"end":{"line":9,"column":60}},"6":{"start":{"line":10,"column":37},"end":{"line":10,"column":60}},"7":{"start":{"line":11,"column":37},"end":{"line":11,"column":60}},"8":{"start":{"line":13,"column":37},"end":{"line":13,"column":60}},"9":{"start":{"line":14,"column":37},"end":{"line":14,"column":60}},"10":{"start":{"line":15,"column":37},"end":{"line":15,"column":60}},"11":{"start":{"line":17,"column":38},"end":{"line":17,"column":62}},"12":{"start":{"line":18,"column":38},"end":{"line":18,"column":62}},"13":{"start":{"line":19,"column":38},"end":{"line":19,"column":62}}},"fnMap":{},"branchMap":{},"s":{"0":3,"1":3,"2":3,"3":3,"4":3,"5":3,"6":3,"7":3,"8":3,"9":3,"10":3,"11":3,"12":3,"13":3},"f":{},"b":{},"_coverageSchema":"1a1c01bbd47fc00a2c39e90264f33305004495a9","hash":"55f8e629eefd656124c64a6d7fa9ec82ab590757"}
,"/Users/alex/Desktop/KEEPKODING/REACT_AVANZADO/GIT/FullStack07_React_app_tweeter_REDUX_/src/utils/storage.js": {"path":"/Users/alex/Desktop/KEEPKODING/REACT_AVANZADO/GIT/FullStack07_React_app_tweeter_REDUX_/src/utils/storage.js","statementMap":{"0":{"start":{"line":1,"column":16},"end":{"line":21,"column":1}},"1":{"start":{"line":3,"column":18},"end":{"line":3,"column":43}},"2":{"start":{"line":4,"column":4},"end":{"line":6,"column":5}},"3":{"start":{"line":5,"column":6},"end":{"line":5,"column":18}},"4":{"start":{"line":7,"column":4},"end":{"line":7,"column":29}},"5":{"start":{"line":11,"column":4},"end":{"line":11,"column":53}},"6":{"start":{"line":15,"column":4},"end":{"line":15,"column":33}},"7":{"start":{"line":19,"column":4},"end":{"line":19,"column":25}}},"fnMap":{"0":{"name":"(anonymous_0)","decl":{"start":{"line":2,"column":2},"end":{"line":2,"column":3}},"loc":{"start":{"line":2,"column":11},"end":{"line":8,"column":3}},"line":2},"1":{"name":"(anonymous_1)","decl":{"start":{"line":10,"column":2},"end":{"line":10,"column":3}},"loc":{"start":{"line":10,"column":18},"end":{"line":12,"column":3}},"line":10},"2":{"name":"(anonymous_2)","decl":{"start":{"line":14,"column":2},"end":{"line":14,"column":3}},"loc":{"start":{"line":14,"column":14},"end":{"line":16,"column":3}},"line":14},"3":{"name":"(anonymous_3)","decl":{"start":{"line":18,"column":2},"end":{"line":18,"column":3}},"loc":{"start":{"line":18,"column":10},"end":{"line":20,"column":3}},"line":18}},"branchMap":{"0":{"loc":{"start":{"line":4,"column":4},"end":{"line":6,"column":5}},"type":"if","locations":[{"start":{"line":4,"column":4},"end":{"line":6,"column":5}},{"start":{},"end":{}}],"line":4}},"s":{"0":3,"1":0,"2":0,"3":0,"4":0,"5":0,"6":0,"7":0},"f":{"0":0,"1":0,"2":0,"3":0},"b":{"0":[0,0]},"_coverageSchema":"1a1c01bbd47fc00a2c39e90264f33305004495a9","hash":"2cd58397a48de026b9ab1fc34a144ab0b9aa8d51"}
}
