TN:
SF:src/App.js
FN:11,(anonymous_0)
FN:13,App
FNF:2
FNH:0
FNDA:0,(anonymous_0)
FNDA:0,App
DA:11,0
DA:14,0
LF:2
LH:0
BRF:0
BRH:0
end_of_record
TN:
SF:src/Root.js
FN:4,Root
FNF:1
FNH:0
FNDA:0,Root
DA:5,0
LF:1
LH:0
BRF:0
BRH:0
end_of_record
TN:
SF:src/index.js
FNF:0
FNH:0
DA:14,0
DA:15,0
DA:16,0
DA:19,0
DA:21,0
DA:23,0
DA:24,0
LF:7
LH:0
BRDA:15,0,0,0
BRDA:15,0,1,0
BRF:2
BRH:0
end_of_record
TN:
SF:src/api/client.js
FN:8,(anonymous_0)
FN:9,(anonymous_1)
FN:24,(anonymous_2)
FN:27,(anonymous_3)
FNF:4
FNH:0
FNDA:0,(anonymous_0)
FNDA:0,(anonymous_1)
FNDA:0,(anonymous_2)
FNDA:0,(anonymous_3)
DA:3,3
DA:7,3
DA:8,0
DA:10,0
DA:11,0
DA:13,0
DA:20,0
DA:24,3
DA:25,0
DA:27,3
DA:28,0
LF:11
LH:4
BRDA:10,0,0,0
BRDA:10,0,1,0
BRF:2
BRH:0
end_of_record
TN:
SF:src/components/errors/ErrorBoundary.js
FN:4,(anonymous_0)
FN:12,(anonymous_1)
FN:16,(anonymous_2)
FNF:3
FNH:0
FNDA:0,(anonymous_0)
FNDA:0,(anonymous_1)
FNDA:0,(anonymous_2)
DA:5,0
DA:6,0
DA:13,0
DA:17,0
DA:19,0
DA:20,0
DA:32,0
LF:7
LH:0
BRDA:19,0,0,0
BRDA:19,0,1,0
BRF:2
BRH:0
end_of_record
TN:
SF:src/components/layout/Content.js
FN:1,Content
FNF:1
FNH:0
FNDA:0,Content
DA:2,0
LF:1
LH:0
BRF:0
BRH:0
end_of_record
TN:
SF:src/components/layout/Footer.js
FN:1,Footer
FNF:1
FNH:0
FNDA:0,Footer
DA:2,0
LF:1
LH:0
BRF:0
BRH:0
end_of_record
TN:
SF:src/components/layout/Header.js
FN:8,(anonymous_0)
FN:11,Header
FNF:2
FNH:0
FNDA:0,(anonymous_0)
FNDA:0,Header
DA:8,0
DA:9,0
DA:12,0
LF:3
LH:0
BRF:0
BRH:0
end_of_record
TN:
SF:src/components/layout/Layout.js
FN:7,Layout
FNF:1
FNH:0
FNDA:0,Layout
DA:8,0
LF:1
LH:0
BRF:0
BRH:0
end_of_record
TN:
SF:src/components/shared/Button.js
FN:10,(anonymous_0)
FN:13,(anonymous_1)
FN:22,(anonymous_2)
FN:24,(anonymous_3)
FN:29,(anonymous_4)
FNF:5
FNH:5
FNDA:19,(anonymous_0)
FNDA:19,(anonymous_1)
FNDA:19,(anonymous_2)
FNDA:19,(anonymous_3)
FNDA:19,(anonymous_4)
DA:3,1
DA:5,1
DA:11,19
DA:13,19
DA:22,19
DA:24,19
DA:30,19
LF:7
LH:7
BRDA:11,0,0,19
BRDA:11,0,1,0
BRDA:13,1,0,19
BRDA:13,1,1,0
BRDA:22,2,0,11
BRDA:22,2,1,8
BRDA:24,3,0,11
BRDA:24,3,1,8
BRDA:30,4,0,19
BRDA:30,4,1,0
BRF:10
BRH:7
end_of_record
TN:
SF:src/components/shared/FormField.js
FN:5,(anonymous_0)
FNF:1
FNH:1
FNDA:38,(anonymous_0)
DA:5,1
DA:6,38
LF:2
LH:2
BRF:0
BRH:0
end_of_record
TN:
SF:src/components/shared/Photo.js
FN:7,(anonymous_0)
FNF:1
FNH:0
FNDA:0,(anonymous_0)
DA:7,0
DA:8,0
LF:2
LH:0
BRF:0
BRH:0
end_of_record
TN:
SF:src/components/shared/Textarea.js
FN:7,(anonymous_0)
FNF:1
FNH:0
FNDA:0,(anonymous_0)
DA:7,0
DA:8,0
DA:15,0
LF:3
LH:0
BRF:0
BRH:0
end_of_record
TN:
SF:src/pages/auth/service.js
FN:7,(anonymous_0)
FN:8,(anonymous_1)
FN:14,(anonymous_2)
FN:15,(anonymous_3)
FNF:4
FNH:0
FNDA:0,(anonymous_0)
FNDA:0,(anonymous_1)
FNDA:0,(anonymous_2)
FNDA:0,(anonymous_3)
DA:7,3
DA:8,0
DA:9,0
DA:10,0
DA:14,3
DA:15,0
DA:16,0
DA:17,0
LF:8
LH:2
BRF:0
BRH:0
end_of_record
TN:
SF:src/pages/auth/LoginPage/LoginPage.js
FN:10,LoginPage
FN:19,(anonymous_1)
FN:24,(anonymous_2)
FN:25,(anonymous_3)
FN:31,(anonymous_4)
FNF:5
FNH:4
FNDA:19,LoginPage
FNDA:1,(anonymous_1)
FNDA:17,(anonymous_2)
FNDA:17,(anonymous_3)
FNDA:0,(anonymous_4)
DA:11,19
DA:12,19
DA:14,19
DA:19,19
DA:20,1
DA:21,1
DA:24,19
DA:25,17
DA:31,19
DA:32,0
DA:35,19
DA:36,19
DA:38,19
LF:13
LH:12
BRDA:36,0,0,19
BRDA:36,0,1,8
BRDA:36,1,0,19
BRDA:36,1,1,17
BRDA:64,2,0,0
BRDA:64,2,1,19
BRDA:66,3,0,19
BRDA:66,3,1,0
BRF:8
BRH:6
end_of_record
TN:
SF:src/pages/auth/LoginPage/index.js
FNF:0
FNH:0
LF:0
LH:0
BRF:0
BRH:0
end_of_record
TN:
SF:src/pages/auth/components/AuthButton.js
FN:8,AuthButton
FN:15,(anonymous_1)
FN:30,(anonymous_2)
FNF:3
FNH:0
FNDA:0,AuthButton
FNDA:0,(anonymous_1)
FNDA:0,(anonymous_2)
DA:15,0
DA:16,0
DA:17,0
DA:19,0
DA:30,0
DA:40,0
LF:6
LH:0
BRDA:19,0,0,0
BRDA:19,0,1,0
BRF:2
BRH:0
end_of_record
TN:
SF:src/pages/auth/components/RequireAuth.js
FN:5,RequireAuth
FNF:1
FNH:0
FNDA:0,RequireAuth
DA:6,0
DA:7,0
DA:9,0
LF:3
LH:0
BRDA:9,0,0,0
BRDA:9,0,1,0
BRF:2
BRH:0
end_of_record
TN:
SF:src/pages/tweets/service.js
FN:5,(anonymous_0)
FN:10,(anonymous_1)
FN:15,(anonymous_2)
FNF:3
FNH:0
FNDA:0,(anonymous_0)
FNDA:0,(anonymous_1)
FNDA:0,(anonymous_2)
DA:3,0
DA:5,0
DA:6,0
DA:7,0
DA:10,0
DA:11,0
DA:12,0
DA:15,0
DA:16,0
DA:17,0
LF:10
LH:0
BRF:0
BRH:0
end_of_record
TN:
SF:src/pages/tweets/NewTweetPage/NewTweetPage.js
FN:23,(anonymous_0)
FN:28,(anonymous_1)
FN:56,(anonymous_2)
FN:60,NewTweetPageForm
FN:62,(anonymous_4)
FN:65,(anonymous_5)
FN:77,(anonymous_6)
FN:110,NewTweetPage
FN:119,(anonymous_8)
FN:123,(anonymous_9)
FN:127,(anonymous_10)
FN:131,(anonymous_11)
FN:132,(anonymous_12)
FN:138,(anonymous_13)
FNF:14
FNH:0
FNDA:0,(anonymous_0)
FNDA:0,(anonymous_1)
FNDA:0,(anonymous_2)
FNDA:0,NewTweetPageForm
FNDA:0,(anonymous_4)
FNDA:0,(anonymous_5)
FNDA:0,(anonymous_6)
FNDA:0,NewTweetPage
FNDA:0,(anonymous_8)
FNDA:0,(anonymous_9)
FNDA:0,(anonymous_10)
FNDA:0,(anonymous_11)
FNDA:0,(anonymous_12)
FNDA:0,(anonymous_13)
DA:20,0
DA:21,0
DA:23,0
DA:24,0
DA:25,0
DA:28,0
DA:29,0
DA:30,0
DA:39,0
DA:54,0
DA:56,0
DA:57,0
DA:61,0
DA:62,0
DA:63,0
DA:65,0
DA:66,0
DA:67,0
DA:74,0
DA:75,0
DA:77,0
DA:78,0
DA:79,0
DA:82,0
DA:111,0
DA:112,0
DA:113,0
DA:114,0
DA:115,0
DA:119,0
DA:120,0
DA:123,0
DA:124,0
DA:127,0
DA:128,0
DA:131,0
DA:132,0
DA:134,0
DA:139,0
DA:140,0
LF:40
LH:0
BRDA:24,0,0,0
BRDA:24,0,1,0
BRDA:75,1,0,0
BRDA:75,1,1,0
BRDA:104,2,0,0
BRDA:104,2,1,0
BRF:6
BRH:0
end_of_record
TN:
SF:src/pages/tweets/NewTweetPage/index.js
FNF:0
FNH:0
LF:0
LH:0
BRF:0
BRH:0
end_of_record
TN:
SF:src/pages/tweets/TweetPage/TweetPage.js
FN:8,TweetPage
FN:14,(anonymous_1)
FNF:2
FNH:0
FNDA:0,TweetPage
FNDA:0,(anonymous_1)
DA:9,0
DA:11,0
DA:12,0
DA:14,0
DA:15,0
DA:18,0
LF:6
LH:0
BRDA:22,0,0,0
BRDA:22,0,1,0
BRF:2
BRH:0
end_of_record
TN:
SF:src/pages/tweets/TweetPage/index.js
FNF:0
FNH:0
LF:0
LH:0
BRF:0
BRH:0
end_of_record
TN:
SF:src/pages/tweets/TweetsPage/TweetsPage.js
FN:12,(anonymous_0)
FN:19,TweetsPage
FN:23,(anonymous_2)
FN:32,(anonymous_3)
FNF:4
FNH:0
FNDA:0,(anonymous_0)
FNDA:0,TweetsPage
FNDA:0,(anonymous_2)
FNDA:0,(anonymous_3)
DA:12,0
DA:13,0
DA:20,0
DA:21,0
DA:23,0
DA:24,0
DA:27,0
DA:33,0
LF:8
LH:0
BRDA:30,0,0,0
BRDA:30,0,1,0
BRF:2
BRH:0
end_of_record
TN:
SF:src/pages/tweets/TweetsPage/index.js
FNF:0
FNH:0
LF:0
LH:0
BRF:0
BRH:0
end_of_record
TN:
SF:src/pages/tweets/components/LikeButton.js
FN:9,(anonymous_0)
FN:17,(anonymous_1)
FNF:2
FNH:0
FNDA:0,(anonymous_0)
FNDA:0,(anonymous_1)
DA:9,0
DA:10,0
DA:12,0
DA:18,0
DA:19,0
DA:30,0
DA:36,0
LF:7
LH:0
BRDA:10,0,0,0
BRDA:10,0,1,0
BRF:2
BRH:0
end_of_record
TN:
SF:src/pages/tweets/components/Tweet.js
FN:9,(anonymous_0)
FN:29,(anonymous_1)
FNF:2
FNH:0
FNDA:0,(anonymous_0)
FNDA:0,(anonymous_1)
DA:9,0
DA:10,0
DA:29,0
DA:38,0
LF:4
LH:0
BRF:0
BRH:0
end_of_record
TN:
SF:src/store/actions.js
FN:21,(anonymous_0)
FN:25,(anonymous_1)
FN:29,(anonymous_2)
FN:35,authLogin
FN:36,(anonymous_4)
FN:49,(anonymous_5)
FN:53,(anonymous_6)
FN:57,(anonymous_7)
FN:62,(anonymous_8)
FN:68,loadTweets
FN:69,(anonymous_10)
FN:84,(anonymous_11)
FN:88,(anonymous_12)
FN:93,(anonymous_13)
FN:99,detailTweets
FN:100,(anonymous_15)
FN:115,(anonymous_16)
FN:119,(anonymous_17)
FN:124,(anonymous_18)
FN:130,createTweet
FN:131,(anonymous_20)
FN:145,(anonymous_21)
FNF:22
FNH:8
FNDA:4,(anonymous_0)
FNDA:4,(anonymous_1)
FNDA:2,(anonymous_2)
FNDA:1,authLogin
FNDA:2,(anonymous_4)
FNDA:1,(anonymous_5)
FNDA:0,(anonymous_6)
FNDA:1,(anonymous_7)
FNDA:0,(anonymous_8)
FNDA:0,loadTweets
FNDA:0,(anonymous_10)
FNDA:0,(anonymous_11)
FNDA:0,(anonymous_12)
FNDA:0,(anonymous_13)
FNDA:0,detailTweets
FNDA:0,(anonymous_15)
FNDA:2,(anonymous_16)
FNDA:0,(anonymous_17)
FNDA:0,(anonymous_18)
FNDA:0,createTweet
FNDA:0,(anonymous_20)
FNDA:0,(anonymous_21)
DA:21,4
DA:25,4
DA:29,3
DA:36,1
DA:37,2
DA:38,2
DA:39,2
DA:40,1
DA:41,1
DA:42,1
DA:44,1
DA:49,3
DA:53,3
DA:57,3
DA:62,3
DA:69,0
DA:70,0
DA:71,0
DA:74,0
DA:75,0
DA:76,0
DA:77,0
DA:79,0
DA:84,3
DA:88,3
DA:93,3
DA:100,0
DA:101,0
DA:102,0
DA:105,0
DA:106,0
DA:107,0
DA:108,0
DA:110,0
DA:115,3
DA:119,3
DA:124,3
DA:131,0
DA:132,0
DA:133,0
DA:134,0
DA:136,0
DA:137,0
DA:138,0
DA:140,0
DA:145,3
LF:46
LH:22
BRDA:41,0,0,1
BRDA:41,0,1,0
BRDA:70,1,0,0
BRDA:70,1,1,0
BRDA:101,2,0,0
BRDA:101,2,1,0
BRF:6
BRH:1
end_of_record
TN:
SF:src/store/index-poc.js
FN:3,createStore
FN:7,getState
FN:11,dispatch
FN:13,(anonymous_3)
FN:16,subscribe
FN:19,(anonymous_5)
FN:20,(anonymous_6)
FN:33,(anonymous_7)
FN:47,(anonymous_8)
FNF:9
FNH:0
FNDA:0,createStore
FNDA:0,getState
FNDA:0,dispatch
FNDA:0,(anonymous_3)
FNDA:0,subscribe
FNDA:0,(anonymous_5)
FNDA:0,(anonymous_6)
FNDA:0,(anonymous_7)
FNDA:0,(anonymous_8)
DA:5,0
DA:8,0
DA:12,0
DA:13,0
DA:17,0
DA:19,0
DA:20,0
DA:24,0
DA:26,0
DA:33,0
DA:35,0
DA:37,0
DA:39,0
DA:41,0
DA:45,0
DA:47,0
DA:48,0
DA:49,0
DA:51,0
DA:53,0
DA:54,0
DA:55,0
LF:22
LH:0
BRDA:33,0,0,0
BRDA:35,1,0,0
BRDA:35,1,1,0
BRDA:35,1,2,0
BRF:4
BRH:0
end_of_record
TN:
SF:src/store/index.js
FN:20,(anonymous_0)
FN:20,(anonymous_1)
FN:20,(anonymous_2)
FN:29,(anonymous_3)
FN:29,(anonymous_4)
FN:29,(anonymous_5)
FN:36,(anonymous_6)
FN:36,(anonymous_7)
FN:36,(anonymous_8)
FN:43,(anonymous_9)
FN:43,(anonymous_10)
FN:43,(anonymous_11)
FN:43,(anonymous_12)
FN:56,(anonymous_13)
FN:57,(anonymous_14)
FN:83,configureStore
FNF:16
FNH:0
FNDA:0,(anonymous_0)
FNDA:0,(anonymous_1)
FNDA:0,(anonymous_2)
FNDA:0,(anonymous_3)
FNDA:0,(anonymous_4)
FNDA:0,(anonymous_5)
FNDA:0,(anonymous_6)
FNDA:0,(anonymous_7)
FNDA:0,(anonymous_8)
FNDA:0,(anonymous_9)
FNDA:0,(anonymous_10)
FNDA:0,(anonymous_11)
FNDA:0,(anonymous_12)
FNDA:0,(anonymous_13)
FNDA:0,(anonymous_14)
FNDA:0,configureStore
DA:11,0
DA:20,0
DA:21,0
DA:22,0
DA:23,0
DA:24,0
DA:25,0
DA:26,0
DA:29,0
DA:30,0
DA:31,0
DA:33,0
DA:36,0
DA:37,0
DA:43,0
DA:44,0
DA:46,0
DA:47,0
DA:48,0
DA:49,0
DA:53,0
DA:56,0
DA:57,0
DA:58,0
DA:60,0
DA:61,0
DA:70,0
DA:71,0
DA:81,0
DA:84,0
DA:91,0
DA:98,0
LF:32
LH:0
BRDA:30,0,0,0
BRDA:30,0,1,0
BRDA:46,1,0,0
BRDA:46,1,1,0
BRDA:48,2,0,0
BRDA:48,2,1,0
BRDA:60,3,0,0
BRDA:60,3,1,0
BRF:8
BRH:0
end_of_record
TN:
SF:src/store/reducers.js
FN:46,auth
FN:57,tweets
FN:74,ui
FNF:3
FNH:1
FNDA:4,auth
FNDA:0,tweets
FNDA:0,ui
DA:10,1
DA:47,4
DA:49,1
DA:51,1
DA:53,2
DA:58,0
DA:60,0
DA:64,0
DA:67,0
DA:70,0
DA:75,0
DA:76,0
DA:79,0
DA:80,0
DA:83,0
DA:84,0
DA:87,0
DA:88,0
DA:91,0
LF:19
LH:5
BRDA:46,0,0,1
BRDA:47,1,0,1
BRDA:47,1,1,1
BRDA:47,1,2,2
BRDA:57,2,0,0
BRDA:58,3,0,0
BRDA:58,3,1,0
BRDA:58,3,2,0
BRDA:58,3,3,0
BRDA:74,4,0,0
BRDA:75,5,0,0
BRDA:75,5,1,0
BRDA:79,6,0,0
BRDA:79,6,1,0
BRDA:83,7,0,0
BRDA:83,7,1,0
BRDA:87,8,0,0
BRDA:87,8,1,0
BRF:18
BRH:4
end_of_record
TN:
SF:src/store/selectors.js
FN:1,(anonymous_0)
FN:3,(anonymous_1)
FN:5,(anonymous_2)
FN:7,(anonymous_3)
FN:7,(anonymous_4)
FN:8,(anonymous_5)
FN:13,(anonymous_6)
FNF:7
FNH:5
FNDA:0,(anonymous_0)
FNDA:2,(anonymous_1)
FNDA:0,(anonymous_2)
FNDA:2,(anonymous_3)
FNDA:2,(anonymous_4)
FNDA:2,(anonymous_5)
FNDA:4,(anonymous_6)
DA:1,5
DA:3,5
DA:5,5
DA:7,5
DA:8,2
DA:13,5
LF:6
LH:6
BRF:0
BRH:0
end_of_record
TN:
SF:src/store/types.js
FNF:0
FNH:0
DA:1,3
DA:2,3
DA:3,3
DA:5,3
DA:7,3
DA:9,3
DA:10,3
DA:11,3
DA:13,3
DA:14,3
DA:15,3
DA:17,3
DA:18,3
DA:19,3
LF:14
LH:14
BRF:0
BRH:0
end_of_record
TN:
SF:src/utils/storage.js
FN:2,(anonymous_0)
FN:10,(anonymous_1)
FN:14,(anonymous_2)
FN:18,(anonymous_3)
FNF:4
FNH:0
FNDA:0,(anonymous_0)
FNDA:0,(anonymous_1)
FNDA:0,(anonymous_2)
FNDA:0,(anonymous_3)
DA:1,3
DA:3,0
DA:4,0
DA:5,0
DA:7,0
DA:11,0
DA:15,0
DA:19,0
LF:8
LH:1
BRDA:4,0,0,0
BRDA:4,0,1,0
BRF:2
BRH:0
end_of_record
